#
# A fatal error has been detected by the Java Runtime Environment:
#
#  Internal Error (./build/windows-x86_64-normal-server-release/hotspot/variant-server/gensrc/adfiles/ad_x86.cpp:1034), pid=18404, tid=33428
#  Error: Unimplemented()
#
# JRE version: OpenJDK Runtime Environment (11.0.8+10) (build 11.0.8+10-b944.6842174)
# Java VM: OpenJDK 64-Bit Server VM (11.0.8+10-b944.6842174, mixed mode, tiered, compressed oops, g1 gc, windows-amd64)
# No core dump will be written. Minidumps are not enabled by default on client versions of Windows
#
# If you would like to submit a bug report, please visit:
#   https://bugreport.java.com/bugreport/crash.jsp
#

---------------  S U M M A R Y ------------

Command Line: --add-opens=java.base/java.util=ALL-UNNAMED --add-opens=java.base/java.lang=ALL-UNNAMED --add-opens=java.base/java.lang.invoke=ALL-UNNAMED --add-opens=java.prefs/java.util.prefs=ALL-UNNAMED -Xmx2048m -Dfile.encoding=UTF-8 -Duser.country=US -Duser.language=en -Duser.variant org.gradle.launcher.daemon.bootstrap.GradleDaemon 6.7.1

Host: AMD Ryzen 7 4800H with Radeon Graphics         , 16 cores, 15G,  Windows 10 , 64 bit Build 19041 (10.0.19041.928)
Time: Sun May 16 06:45:58 2021 SE Asia Standard Time elapsed time: 13 seconds (0d 0h 0m 13s)

---------------  T H R E A D  ---------------

Current thread (0x0000021cc22ce000):  JavaThread "C2 CompilerThread3" daemon [_thread_in_native, id=33428, stack(0x000000a8c8200000,0x000000a8c8300000)]


Current CompileTask:
C2:  13285 7093       4       sun.reflect.generics.parser.SignatureParser::parsePackageNameAndSimpleClassTypeSignature (119 bytes)

Stack: [0x000000a8c8200000,0x000000a8c8300000]
Native frames: (J=compiled Java code, j=interpreted, Vv=VM code, C=native code)
V  [jvm.dll+0x5de50a]
V  [jvm.dll+0x7122f5]
V  [jvm.dll+0x71384d]
V  [jvm.dll+0x713eb7]
V  [jvm.dll+0x23e67c]
V  [jvm.dll+0x23e613]
V  [jvm.dll+0x6bf5f]
V  [jvm.dll+0x11275]
V  [jvm.dll+0x200bf8]
V  [jvm.dll+0x5e636b]
V  [jvm.dll+0x5e5cf9]
V  [jvm.dll+0x5e3bf3]
V  [jvm.dll+0x1f7a53]
V  [jvm.dll+0x1f68d4]
V  [jvm.dll+0x17f32c]
V  [jvm.dll+0x205047]
V  [jvm.dll+0x203891]
V  [jvm.dll+0x6dad3f]
V  [jvm.dll+0x6d3895]
V  [jvm.dll+0x5dd4a6]
C  [ucrtbase.dll+0x21bb2]
C  [KERNEL32.DLL+0x17034]
C  [ntdll.dll+0x52651]


---------------  P R O C E S S  ---------------

Threads class SMR info:
_java_thread_list=0x0000021cc1dc9350, length=170, elements={
0x0000021ca08ba000, 0x0000021cbbfc1800, 0x0000021cbbfc2800, 0x0000021cbc01c800,
0x0000021cbc01e000, 0x0000021cbc01f000, 0x0000021cbc024000, 0x0000021cbc027000,
0x0000021cbc1a0800, 0x0000021cbc1a2800, 0x0000021cbc1c8000, 0x0000021cbd266800,
0x0000021cbe771000, 0x0000021cbe644000, 0x0000021cbd585000, 0x0000021cbeb93000,
0x0000021cbdd17800, 0x0000021cbd873000, 0x0000021cbd7ce800, 0x0000021cbdd3d800,
0x0000021cbeb92000, 0x0000021cbe533000, 0x0000021cbdafa800, 0x0000021cbdaf9800,
0x0000021cbdaf9000, 0x0000021cbdaf8000, 0x0000021cbea94000, 0x0000021cbea95000,
0x0000021cbea95800, 0x0000021cbea99000, 0x0000021cbea96800, 0x0000021cbea98000,
0x0000021cbea93000, 0x0000021cbea97800, 0x0000021cbea9d000, 0x0000021cbea99800,
0x0000021cbea9e000, 0x0000021cbea9b800, 0x0000021cbea9e800, 0x0000021cbea9f800,
0x0000021cbeaa0800, 0x0000021cbea9a800, 0x0000021cbea9c000, 0x0000021cbeaa1000,
0x0000021cbeaa2000, 0x0000021cbf779000, 0x0000021cbf77a800, 0x0000021cbf776800,
0x0000021cbf777800, 0x0000021cbf77c000, 0x0000021cbf77a000, 0x0000021cbf77b800,
0x0000021cbf77e000, 0x0000021cbf778000, 0x0000021cbf781000, 0x0000021cbf784800,
0x0000021cbf77e800, 0x0000021cbf782000, 0x0000021cbf77f800, 0x0000021cbf783000,
0x0000021cbf780800, 0x0000021cbf783800, 0x0000021cbf785000, 0x0000021cc3113000,
0x0000021cc3117000, 0x0000021cc3116000, 0x0000021cc3113800, 0x0000021cc3118000,
0x0000021cc3118800, 0x0000021cc3119800, 0x0000021cc311a000, 0x0000021cc3114800,
0x0000021cc311b000, 0x0000021cc3115800, 0x0000021cc3120000, 0x0000021cc3121800,
0x0000021cc311e800, 0x0000021cc311c000, 0x0000021cc311d800, 0x0000021cc311f000,
0x0000021cc311c800, 0x0000021cc3120800, 0x0000021cbf6e6800, 0x0000021cbf6e8000,
0x0000021cbf6e7800, 0x0000021cbf6e2800, 0x0000021cbf6e6000, 0x0000021cbf6e3800,
0x0000021cbf6e9000, 0x0000021cbf6ea000, 0x0000021cbf6e4000, 0x0000021cbf6ea800,
0x0000021cbf6e5000, 0x0000021cbf6f1000, 0x0000021cbf6ec800, 0x0000021cbf6ef000,
0x0000021cbf6eb800, 0x0000021cbf6ed000, 0x0000021cbf6ee000, 0x0000021cbf6ef800,
0x0000021cbf6f0800, 0x0000021cc1c6d800, 0x0000021cc1c6e000, 0x0000021cc1c6f000,
0x0000021cc1c6b800, 0x0000021cc1c6c800, 0x0000021cc1c6f800, 0x0000021cc1c70800,
0x0000021cc1c6b000, 0x0000021cc1c75800, 0x0000021cc1c71800, 0x0000021cc1c73000,
0x0000021cc1c77000, 0x0000021cc1c74000, 0x0000021cc1c78000, 0x0000021cc1c72000,
0x0000021cc1c74800, 0x0000021cc1c79800, 0x0000021cc1c78800, 0x0000021cc1c76000,
0x0000021cc319b800, 0x0000021cc319f000, 0x0000021cc319c800, 0x0000021cc319f800,
0x0000021cc31a0800, 0x0000021cc319b000, 0x0000021cc31a1800, 0x0000021cc31a2000,
0x0000021cc31a3000, 0x0000021cc319d800, 0x0000021cc31a4000, 0x0000021cc319e000,
0x0000021cc31a4800, 0x0000021cc31a8800, 0x0000021cc31a5800, 0x0000021cc31a9800,
0x0000021cc31a6800, 0x0000021cc31a7000, 0x0000021cc31a8000, 0x0000021cbc1cc000,
0x0000021cbc1c9800, 0x0000021cbc1c8800, 0x0000021cbc1cd800, 0x0000021cbc1cd000,
0x0000021cbc1cb000, 0x0000021cbc1d0000, 0x0000021cbc1ce800, 0x0000021cbc1ca800,
0x0000021cbc1d2800, 0x0000021cbc1d3800, 0x0000021cbc1d5000, 0x0000021cbc1d4000,
0x0000021cbc1cf000, 0x0000021cbc1d6800, 0x0000021cbc1d5800, 0x0000021cbc1d1000,
0x0000021cbc1d7800, 0x0000021cbc1d1800, 0x0000021cc360a800, 0x0000021cc360c800,
0x0000021cc360b000, 0x0000021cc360c000, 0x0000021cc3607000, 0x0000021cc360d800,
0x0000021cc3608000, 0x0000021cbf31f800, 0x0000021cbdfd2800, 0x0000021cbe0b5000,
0x0000021cc22ce000, 0x0000021cc360e800
}

Java Threads: ( => current thread )
  0x0000021ca08ba000 JavaThread "main" [_thread_blocked, id=26436, stack(0x000000a8bc000000,0x000000a8bc100000)]
  0x0000021cbbfc1800 JavaThread "Reference Handler" daemon [_thread_blocked, id=23780, stack(0x000000a8bc700000,0x000000a8bc800000)]
  0x0000021cbbfc2800 JavaThread "Finalizer" daemon [_thread_blocked, id=28944, stack(0x000000a8bc800000,0x000000a8bc900000)]
  0x0000021cbc01c800 JavaThread "Signal Dispatcher" daemon [_thread_blocked, id=28120, stack(0x000000a8bc900000,0x000000a8bca00000)]
  0x0000021cbc01e000 JavaThread "Attach Listener" daemon [_thread_blocked, id=26288, stack(0x000000a8bca00000,0x000000a8bcb00000)]
  0x0000021cbc01f000 JavaThread "C2 CompilerThread0" daemon [_thread_blocked, id=22568, stack(0x000000a8bcb00000,0x000000a8bcc00000)]
  0x0000021cbc024000 JavaThread "C1 CompilerThread0" daemon [_thread_blocked, id=11480, stack(0x000000a8bcc00000,0x000000a8bcd00000)]
  0x0000021cbc027000 JavaThread "Sweeper thread" daemon [_thread_blocked, id=23152, stack(0x000000a8bcd00000,0x000000a8bce00000)]
  0x0000021cbc1a0800 JavaThread "Common-Cleaner" daemon [_thread_blocked, id=32816, stack(0x000000a8bce00000,0x000000a8bcf00000)]
  0x0000021cbc1a2800 JavaThread "C1 CompilerThread1" daemon [_thread_blocked, id=18416, stack(0x000000a8bcf00000,0x000000a8bd000000)]
  0x0000021cbc1c8000 JavaThread "Service Thread" daemon [_thread_blocked, id=16132, stack(0x000000a8bd000000,0x000000a8bd100000)]
  0x0000021cbd266800 JavaThread "C1 CompilerThread2" daemon [_thread_blocked, id=24260, stack(0x000000a8bd300000,0x000000a8bd400000)]
  0x0000021cbe771000 JavaThread "Daemon health stats" [_thread_blocked, id=21752, stack(0x000000a8bda00000,0x000000a8bdb00000)]
  0x0000021cbe644000 JavaThread "Incoming local TCP Connector on port 49863" [_thread_in_native, id=18312, stack(0x000000a8bd200000,0x000000a8bd300000)]
  0x0000021cbd585000 JavaThread "Daemon periodic checks" [_thread_blocked, id=30728, stack(0x000000a8bdc00000,0x000000a8bdd00000)]
  0x0000021cbeb93000 JavaThread "Daemon" [_thread_blocked, id=5816, stack(0x000000a8bdd00000,0x000000a8bde00000)]
  0x0000021cbdd17800 JavaThread "Handler for socket connection from /127.0.0.1:49863 to /127.0.0.1:49864" [_thread_in_native, id=25536, stack(0x000000a8bde00000,0x000000a8bdf00000)]
  0x0000021cbd873000 JavaThread "Cancel handler" [_thread_blocked, id=7596, stack(0x000000a8be000000,0x000000a8be100000)]
  0x0000021cbd7ce800 JavaThread "Daemon worker" [_thread_in_Java, id=14772, stack(0x000000a8be100000,0x000000a8be200000)]
  0x0000021cbdd3d800 JavaThread "Asynchronous log dispatcher for DefaultDaemonConnection: socket connection from /127.0.0.1:49863 to /127.0.0.1:49864" [_thread_blocked, id=28900, stack(0x000000a8be200000,0x000000a8be300000)]
  0x0000021cbeb92000 JavaThread "Stdin handler" [_thread_blocked, id=11064, stack(0x000000a8be300000,0x000000a8be400000)]
  0x0000021cbe533000 JavaThread "Thread-8" [_thread_blocked, id=29032, stack(0x000000a8be400000,0x000000a8be500000)]
  0x0000021cbdafa800 JavaThread "Cache worker for file hash cache (C:\Users\ryuge\.gradle\caches\6.7.1\fileHashes)" [_thread_blocked, id=23464, stack(0x000000a8be500000,0x000000a8be600000)]
  0x0000021cbdaf9800 JavaThread "File lock request listener" [_thread_in_native, id=30132, stack(0x000000a8be600000,0x000000a8be700000)]
  0x0000021cbdaf9000 JavaThread "Cache worker for journal cache (C:\Users\ryuge\.gradle\caches\journal-1)" [_thread_blocked, id=1940, stack(0x000000a8bf100000,0x000000a8bf200000)]
  0x0000021cbdaf8000 JavaThread "Cache worker for file hash cache (D:\KULIAH\BANGKIT\FinalProject\.gradle\6.7.1\fileHashes)" [_thread_blocked, id=24932, stack(0x000000a8bf200000,0x000000a8bf300000)]
  0x0000021cbea94000 JavaThread "jar transforms" [_thread_blocked, id=2884, stack(0x000000a8bf300000,0x000000a8bf400000)]
  0x0000021cbea95000 JavaThread "jar transforms Thread 2" [_thread_blocked, id=24696, stack(0x000000a8bf400000,0x000000a8bf500000)]
  0x0000021cbea95800 JavaThread "jar transforms Thread 3" [_thread_blocked, id=26740, stack(0x000000a8bf600000,0x000000a8bf700000)]
  0x0000021cbea99000 JavaThread "jar transforms Thread 4" [_thread_blocked, id=31576, stack(0x000000a8bf700000,0x000000a8bf800000)]
  0x0000021cbea96800 JavaThread "jar transforms Thread 5" [_thread_blocked, id=13556, stack(0x000000a8bf800000,0x000000a8bf900000)]
  0x0000021cbea98000 JavaThread "jar transforms Thread 6" [_thread_blocked, id=23568, stack(0x000000a8bf900000,0x000000a8bfa00000)]
  0x0000021cbea93000 JavaThread "jar transforms Thread 7" [_thread_blocked, id=31368, stack(0x000000a8bfa00000,0x000000a8bfb00000)]
  0x0000021cbea97800 JavaThread "jar transforms Thread 8" [_thread_blocked, id=22724, stack(0x000000a8bfb00000,0x000000a8bfc00000)]
  0x0000021cbea9d000 JavaThread "jar transforms Thread 9" [_thread_blocked, id=20932, stack(0x000000a8bfc00000,0x000000a8bfd00000)]
  0x0000021cbea99800 JavaThread "jar transforms Thread 10" [_thread_blocked, id=13904, stack(0x000000a8bfd00000,0x000000a8bfe00000)]
  0x0000021cbea9e000 JavaThread "jar transforms Thread 11" [_thread_blocked, id=33092, stack(0x000000a8bfe00000,0x000000a8bff00000)]
  0x0000021cbea9b800 JavaThread "jar transforms Thread 12" [_thread_blocked, id=31032, stack(0x000000a8bff00000,0x000000a8c0000000)]
  0x0000021cbea9e800 JavaThread "jar transforms Thread 13" [_thread_blocked, id=31864, stack(0x000000a8c0000000,0x000000a8c0100000)]
  0x0000021cbea9f800 JavaThread "jar transforms Thread 14" [_thread_blocked, id=25404, stack(0x000000a8c0100000,0x000000a8c0200000)]
  0x0000021cbeaa0800 JavaThread "jar transforms Thread 15" [_thread_blocked, id=28000, stack(0x000000a8c0200000,0x000000a8c0300000)]
  0x0000021cbea9a800 JavaThread "jar transforms Thread 16" [_thread_blocked, id=4316, stack(0x000000a8c0300000,0x000000a8c0400000)]
  0x0000021cbea9c000 JavaThread "jar transforms Thread 17" [_thread_blocked, id=9176, stack(0x000000a8c0600000,0x000000a8c0700000)]
  0x0000021cbeaa1000 JavaThread "jar transforms Thread 18" [_thread_blocked, id=32112, stack(0x000000a8c0700000,0x000000a8c0800000)]
  0x0000021cbeaa2000 JavaThread "jar transforms Thread 19" [_thread_blocked, id=11896, stack(0x000000a8c0800000,0x000000a8c0900000)]
  0x0000021cbf779000 JavaThread "jar transforms Thread 20" [_thread_blocked, id=22248, stack(0x000000a8c0900000,0x000000a8c0a00000)]
  0x0000021cbf77a800 JavaThread "jar transforms Thread 21" [_thread_blocked, id=13656, stack(0x000000a8c0a00000,0x000000a8c0b00000)]
  0x0000021cbf776800 JavaThread "Cache worker for checksums cache (D:\KULIAH\BANGKIT\FinalProject\.gradle\checksums)" [_thread_blocked, id=22072, stack(0x000000a8bf500000,0x000000a8bf600000)]
  0x0000021cbf777800 JavaThread "Cache worker for cache directory md-supplier (C:\Users\ryuge\.gradle\caches\6.7.1\md-supplier)" [_thread_blocked, id=25196, stack(0x000000a8c0400000,0x000000a8c0500000)]
  0x0000021cbf77c000 JavaThread "Cache worker for cache directory md-rule (C:\Users\ryuge\.gradle\caches\6.7.1\md-rule)" [_thread_blocked, id=30196, stack(0x000000a8c0500000,0x000000a8c0600000)]
  0x0000021cbf77a000 JavaThread "Cache worker for execution history cache (C:\Users\ryuge\.gradle\caches\6.7.1\executionHistory)" [_thread_blocked, id=24504, stack(0x000000a8c0b00000,0x000000a8c0c00000)]
  0x0000021cbf77b800 JavaThread "Cache worker for file content cache (C:\Users\ryuge\.gradle\caches\6.7.1\fileContent)" [_thread_blocked, id=31132, stack(0x000000a8c0c00000,0x000000a8c0d00000)]
  0x0000021cbf77e000 JavaThread "Cache worker for Build Output Cleanup Cache (D:\KULIAH\BANGKIT\FinalProject\.gradle\buildOutputCleanup)" [_thread_blocked, id=14092, stack(0x000000a8c0e00000,0x000000a8c0f00000)]
  0x0000021cbf778000 JavaThread "Build operations" [_thread_blocked, id=16576, stack(0x000000a8bdf00000,0x000000a8be000000)]
  0x0000021cbf781000 JavaThread "Build operations Thread 2" [_thread_blocked, id=29664, stack(0x000000a8c0d00000,0x000000a8c0e00000)]
  0x0000021cbf784800 JavaThread "Build operations Thread 3" [_thread_blocked, id=27788, stack(0x000000a8c0f00000,0x000000a8c1000000)]
  0x0000021cbf77e800 JavaThread "Build operations Thread 4" [_thread_blocked, id=2168, stack(0x000000a8c1000000,0x000000a8c1100000)]
  0x0000021cbf782000 JavaThread "Build operations Thread 5" [_thread_blocked, id=29796, stack(0x000000a8c1100000,0x000000a8c1200000)]
  0x0000021cbf77f800 JavaThread "Build operations Thread 6" [_thread_blocked, id=27516, stack(0x000000a8c1200000,0x000000a8c1300000)]
  0x0000021cbf783000 JavaThread "Build operations Thread 7" [_thread_blocked, id=31240, stack(0x000000a8c1300000,0x000000a8c1400000)]
  0x0000021cbf780800 JavaThread "Build operations Thread 8" [_thread_blocked, id=24440, stack(0x000000a8c1400000,0x000000a8c1500000)]
  0x0000021cbf783800 JavaThread "Build operations Thread 9" [_thread_blocked, id=30276, stack(0x000000a8c1500000,0x000000a8c1600000)]
  0x0000021cbf785000 JavaThread "Build operations Thread 10" [_thread_blocked, id=22032, stack(0x000000a8c1600000,0x000000a8c1700000)]
  0x0000021cc3113000 JavaThread "Build operations Thread 11" [_thread_blocked, id=20008, stack(0x000000a8c1700000,0x000000a8c1800000)]
  0x0000021cc3117000 JavaThread "Build operations Thread 12" [_thread_blocked, id=31104, stack(0x000000a8c1800000,0x000000a8c1900000)]
  0x0000021cc3116000 JavaThread "Build operations Thread 13" [_thread_blocked, id=33580, stack(0x000000a8c1900000,0x000000a8c1a00000)]
  0x0000021cc3113800 JavaThread "Build operations Thread 14" [_thread_blocked, id=30336, stack(0x000000a8c1a00000,0x000000a8c1b00000)]
  0x0000021cc3118000 JavaThread "Build operations Thread 15" [_thread_blocked, id=15384, stack(0x000000a8c1b00000,0x000000a8c1c00000)]
  0x0000021cc3118800 JavaThread "Build operations Thread 16" [_thread_blocked, id=26084, stack(0x000000a8c1c00000,0x000000a8c1d00000)]
  0x0000021cc3119800 JavaThread "jar transforms Thread 22" [_thread_blocked, id=33480, stack(0x000000a8c1d00000,0x000000a8c1e00000)]
  0x0000021cc311a000 JavaThread "jar transforms Thread 23" [_thread_blocked, id=26124, stack(0x000000a8c1e00000,0x000000a8c1f00000)]
  0x0000021cc3114800 JavaThread "jar transforms Thread 24" [_thread_blocked, id=31372, stack(0x000000a8c1f00000,0x000000a8c2000000)]
  0x0000021cc311b000 JavaThread "jar transforms Thread 25" [_thread_blocked, id=21924, stack(0x000000a8c2000000,0x000000a8c2100000)]
  0x0000021cc3115800 JavaThread "jar transforms Thread 26" [_thread_blocked, id=27856, stack(0x000000a8c2100000,0x000000a8c2200000)]
  0x0000021cc3120000 JavaThread "jar transforms Thread 27" [_thread_blocked, id=24796, stack(0x000000a8c2200000,0x000000a8c2300000)]
  0x0000021cc3121800 JavaThread "jar transforms Thread 28" [_thread_blocked, id=24964, stack(0x000000a8c2300000,0x000000a8c2400000)]
  0x0000021cc311e800 JavaThread "jar transforms Thread 29" [_thread_blocked, id=2992, stack(0x000000a8c2400000,0x000000a8c2500000)]
  0x0000021cc311c000 JavaThread "jar transforms Thread 30" [_thread_blocked, id=32360, stack(0x000000a8c2500000,0x000000a8c2600000)]
  0x0000021cc311d800 JavaThread "jar transforms Thread 31" [_thread_blocked, id=2892, stack(0x000000a8c2600000,0x000000a8c2700000)]
  0x0000021cc311f000 JavaThread "jar transforms Thread 32" [_thread_blocked, id=30420, stack(0x000000a8c2700000,0x000000a8c2800000)]
  0x0000021cc311c800 JavaThread "jar transforms Thread 33" [_thread_blocked, id=26972, stack(0x000000a8c2800000,0x000000a8c2900000)]
  0x0000021cc3120800 JavaThread "jar transforms Thread 34" [_thread_blocked, id=27468, stack(0x000000a8c2900000,0x000000a8c2a00000)]
  0x0000021cbf6e6800 JavaThread "jar transforms Thread 35" [_thread_blocked, id=28388, stack(0x000000a8c2a00000,0x000000a8c2b00000)]
  0x0000021cbf6e8000 JavaThread "jar transforms Thread 36" [_thread_blocked, id=27012, stack(0x000000a8c2b00000,0x000000a8c2c00000)]
  0x0000021cbf6e7800 JavaThread "jar transforms Thread 37" [_thread_blocked, id=22716, stack(0x000000a8c2c00000,0x000000a8c2d00000)]
  0x0000021cbf6e2800 JavaThread "jar transforms Thread 38" [_thread_blocked, id=29004, stack(0x000000a8c2d00000,0x000000a8c2e00000)]
  0x0000021cbf6e6000 JavaThread "jar transforms Thread 39" [_thread_blocked, id=29068, stack(0x000000a8c2e00000,0x000000a8c2f00000)]
  0x0000021cbf6e3800 JavaThread "jar transforms Thread 40" [_thread_blocked, id=7376, stack(0x000000a8c2f00000,0x000000a8c3000000)]
  0x0000021cbf6e9000 JavaThread "jar transforms Thread 41" [_thread_blocked, id=15428, stack(0x000000a8c3000000,0x000000a8c3100000)]
  0x0000021cbf6ea000 JavaThread "jar transforms Thread 42" [_thread_blocked, id=13000, stack(0x000000a8c3100000,0x000000a8c3200000)]
  0x0000021cbf6e4000 JavaThread "jar transforms Thread 43" [_thread_blocked, id=27348, stack(0x000000a8c3200000,0x000000a8c3300000)]
  0x0000021cbf6ea800 JavaThread "jar transforms Thread 44" [_thread_blocked, id=8428, stack(0x000000a8c3300000,0x000000a8c3400000)]
  0x0000021cbf6e5000 JavaThread "jar transforms Thread 45" [_thread_blocked, id=20692, stack(0x000000a8c3400000,0x000000a8c3500000)]
  0x0000021cbf6f1000 JavaThread "jar transforms Thread 46" [_thread_blocked, id=23520, stack(0x000000a8c3500000,0x000000a8c3600000)]
  0x0000021cbf6ec800 JavaThread "jar transforms Thread 47" [_thread_blocked, id=5384, stack(0x000000a8c3600000,0x000000a8c3700000)]
  0x0000021cbf6ef000 JavaThread "jar transforms Thread 48" [_thread_blocked, id=544, stack(0x000000a8c3700000,0x000000a8c3800000)]
  0x0000021cbf6eb800 JavaThread "jar transforms Thread 49" [_thread_blocked, id=10120, stack(0x000000a8c3800000,0x000000a8c3900000)]
  0x0000021cbf6ed000 JavaThread "jar transforms Thread 50" [_thread_blocked, id=14856, stack(0x000000a8c3900000,0x000000a8c3a00000)]
  0x0000021cbf6ee000 JavaThread "jar transforms Thread 51" [_thread_blocked, id=29912, stack(0x000000a8c3a00000,0x000000a8c3b00000)]
  0x0000021cbf6ef800 JavaThread "jar transforms Thread 52" [_thread_blocked, id=2532, stack(0x000000a8c3b00000,0x000000a8c3c00000)]
  0x0000021cbf6f0800 JavaThread "jar transforms Thread 53" [_thread_blocked, id=24632, stack(0x000000a8c3c00000,0x000000a8c3d00000)]
  0x0000021cc1c6d800 JavaThread "jar transforms Thread 54" [_thread_blocked, id=33260, stack(0x000000a8c3d00000,0x000000a8c3e00000)]
  0x0000021cc1c6e000 JavaThread "jar transforms Thread 55" [_thread_blocked, id=6696, stack(0x000000a8c3e00000,0x000000a8c3f00000)]
  0x0000021cc1c6f000 JavaThread "jar transforms Thread 56" [_thread_blocked, id=17052, stack(0x000000a8c3f00000,0x000000a8c4000000)]
  0x0000021cc1c6b800 JavaThread "jar transforms Thread 57" [_thread_blocked, id=30240, stack(0x000000a8c4000000,0x000000a8c4100000)]
  0x0000021cc1c6c800 JavaThread "jar transforms Thread 58" [_thread_blocked, id=16352, stack(0x000000a8c4100000,0x000000a8c4200000)]
  0x0000021cc1c6f800 JavaThread "jar transforms Thread 59" [_thread_blocked, id=26516, stack(0x000000a8c4200000,0x000000a8c4300000)]
  0x0000021cc1c70800 JavaThread "jar transforms Thread 60" [_thread_blocked, id=14912, stack(0x000000a8c4300000,0x000000a8c4400000)]
  0x0000021cc1c6b000 JavaThread "jar transforms Thread 61" [_thread_blocked, id=22436, stack(0x000000a8c4400000,0x000000a8c4500000)]
  0x0000021cc1c75800 JavaThread "jar transforms Thread 62" [_thread_blocked, id=6476, stack(0x000000a8c4500000,0x000000a8c4600000)]
  0x0000021cc1c71800 JavaThread "jar transforms Thread 63" [_thread_blocked, id=13552, stack(0x000000a8c4600000,0x000000a8c4700000)]
  0x0000021cc1c73000 JavaThread "jar transforms Thread 64" [_thread_blocked, id=31144, stack(0x000000a8c4700000,0x000000a8c4800000)]
  0x0000021cc1c77000 JavaThread "jar transforms Thread 65" [_thread_blocked, id=25800, stack(0x000000a8c4800000,0x000000a8c4900000)]
  0x0000021cc1c74000 JavaThread "jar transforms Thread 66" [_thread_blocked, id=9804, stack(0x000000a8c4900000,0x000000a8c4a00000)]
  0x0000021cc1c78000 JavaThread "jar transforms Thread 67" [_thread_blocked, id=33728, stack(0x000000a8c4a00000,0x000000a8c4b00000)]
  0x0000021cc1c72000 JavaThread "jar transforms Thread 68" [_thread_blocked, id=29620, stack(0x000000a8c4b00000,0x000000a8c4c00000)]
  0x0000021cc1c74800 JavaThread "jar transforms Thread 69" [_thread_blocked, id=13728, stack(0x000000a8c4c00000,0x000000a8c4d00000)]
  0x0000021cc1c79800 JavaThread "jar transforms Thread 70" [_thread_blocked, id=23572, stack(0x000000a8c4d00000,0x000000a8c4e00000)]
  0x0000021cc1c78800 JavaThread "jar transforms Thread 71" [_thread_blocked, id=6468, stack(0x000000a8c4e00000,0x000000a8c4f00000)]
  0x0000021cc1c76000 JavaThread "jar transforms Thread 72" [_thread_blocked, id=23644, stack(0x000000a8c4f00000,0x000000a8c5000000)]
  0x0000021cc319b800 JavaThread "jar transforms Thread 73" [_thread_blocked, id=2388, stack(0x000000a8c5000000,0x000000a8c5100000)]
  0x0000021cc319f000 JavaThread "jar transforms Thread 74" [_thread_blocked, id=27080, stack(0x000000a8c5100000,0x000000a8c5200000)]
  0x0000021cc319c800 JavaThread "jar transforms Thread 75" [_thread_blocked, id=24520, stack(0x000000a8c5200000,0x000000a8c5300000)]
  0x0000021cc319f800 JavaThread "jar transforms Thread 76" [_thread_blocked, id=22864, stack(0x000000a8c5300000,0x000000a8c5400000)]
  0x0000021cc31a0800 JavaThread "jar transforms Thread 77" [_thread_blocked, id=31860, stack(0x000000a8c5400000,0x000000a8c5500000)]
  0x0000021cc319b000 JavaThread "jar transforms Thread 78" [_thread_blocked, id=30364, stack(0x000000a8c5500000,0x000000a8c5600000)]
  0x0000021cc31a1800 JavaThread "jar transforms Thread 79" [_thread_blocked, id=11240, stack(0x000000a8c5600000,0x000000a8c5700000)]
  0x0000021cc31a2000 JavaThread "jar transforms Thread 80" [_thread_blocked, id=14828, stack(0x000000a8c5700000,0x000000a8c5800000)]
  0x0000021cc31a3000 JavaThread "jar transforms Thread 81" [_thread_blocked, id=17764, stack(0x000000a8c5800000,0x000000a8c5900000)]
  0x0000021cc319d800 JavaThread "jar transforms Thread 82" [_thread_blocked, id=29544, stack(0x000000a8c5900000,0x000000a8c5a00000)]
  0x0000021cc31a4000 JavaThread "jar transforms Thread 83" [_thread_blocked, id=12540, stack(0x000000a8c5a00000,0x000000a8c5b00000)]
  0x0000021cc319e000 JavaThread "jar transforms Thread 84" [_thread_blocked, id=9028, stack(0x000000a8c5b00000,0x000000a8c5c00000)]
  0x0000021cc31a4800 JavaThread "jar transforms Thread 85" [_thread_blocked, id=11484, stack(0x000000a8c5c00000,0x000000a8c5d00000)]
  0x0000021cc31a8800 JavaThread "jar transforms Thread 86" [_thread_blocked, id=15648, stack(0x000000a8c5d00000,0x000000a8c5e00000)]
  0x0000021cc31a5800 JavaThread "jar transforms Thread 87" [_thread_blocked, id=25264, stack(0x000000a8c5e00000,0x000000a8c5f00000)]
  0x0000021cc31a9800 JavaThread "jar transforms Thread 88" [_thread_blocked, id=19088, stack(0x000000a8c5f00000,0x000000a8c6000000)]
  0x0000021cc31a6800 JavaThread "jar transforms Thread 89" [_thread_blocked, id=20396, stack(0x000000a8c6000000,0x000000a8c6100000)]
  0x0000021cc31a7000 JavaThread "jar transforms Thread 90" [_thread_blocked, id=23288, stack(0x000000a8c6100000,0x000000a8c6200000)]
  0x0000021cc31a8000 JavaThread "jar transforms Thread 91" [_thread_blocked, id=1580, stack(0x000000a8c6200000,0x000000a8c6300000)]
  0x0000021cbc1cc000 JavaThread "jar transforms Thread 92" [_thread_blocked, id=22944, stack(0x000000a8c6300000,0x000000a8c6400000)]
  0x0000021cbc1c9800 JavaThread "jar transforms Thread 93" [_thread_blocked, id=8936, stack(0x000000a8c6400000,0x000000a8c6500000)]
  0x0000021cbc1c8800 JavaThread "jar transforms Thread 94" [_thread_blocked, id=2744, stack(0x000000a8c6500000,0x000000a8c6600000)]
  0x0000021cbc1cd800 JavaThread "jar transforms Thread 95" [_thread_blocked, id=13484, stack(0x000000a8c6600000,0x000000a8c6700000)]
  0x0000021cbc1cd000 JavaThread "jar transforms Thread 96" [_thread_blocked, id=16148, stack(0x000000a8c6700000,0x000000a8c6800000)]
  0x0000021cbc1cb000 JavaThread "jar transforms Thread 97" [_thread_blocked, id=28748, stack(0x000000a8c6800000,0x000000a8c6900000)]
  0x0000021cbc1d0000 JavaThread "jar transforms Thread 98" [_thread_blocked, id=14656, stack(0x000000a8c6900000,0x000000a8c6a00000)]
  0x0000021cbc1ce800 JavaThread "jar transforms Thread 99" [_thread_blocked, id=17876, stack(0x000000a8c6a00000,0x000000a8c6b00000)]
  0x0000021cbc1ca800 JavaThread "jar transforms Thread 100" [_thread_blocked, id=18296, stack(0x000000a8c6b00000,0x000000a8c6c00000)]
  0x0000021cbc1d2800 JavaThread "jar transforms Thread 101" [_thread_blocked, id=28312, stack(0x000000a8c6c00000,0x000000a8c6d00000)]
  0x0000021cbc1d3800 JavaThread "jar transforms Thread 102" [_thread_blocked, id=15964, stack(0x000000a8c6d00000,0x000000a8c6e00000)]
  0x0000021cbc1d5000 JavaThread "jar transforms Thread 103" [_thread_blocked, id=27276, stack(0x000000a8c6e00000,0x000000a8c6f00000)]
  0x0000021cbc1d4000 JavaThread "jar transforms Thread 104" [_thread_blocked, id=31420, stack(0x000000a8c6f00000,0x000000a8c7000000)]
  0x0000021cbc1cf000 JavaThread "jar transforms Thread 105" [_thread_blocked, id=3804, stack(0x000000a8c7000000,0x000000a8c7100000)]
  0x0000021cbc1d6800 JavaThread "jar transforms Thread 106" [_thread_blocked, id=33460, stack(0x000000a8c7100000,0x000000a8c7200000)]
  0x0000021cbc1d5800 JavaThread "jar transforms Thread 107" [_thread_blocked, id=13472, stack(0x000000a8c7200000,0x000000a8c7300000)]
  0x0000021cbc1d1000 JavaThread "jar transforms Thread 108" [_thread_blocked, id=31200, stack(0x000000a8c7300000,0x000000a8c7400000)]
  0x0000021cbc1d7800 JavaThread "jar transforms Thread 109" [_thread_blocked, id=14324, stack(0x000000a8c7400000,0x000000a8c7500000)]
  0x0000021cbc1d1800 JavaThread "jar transforms Thread 110" [_thread_blocked, id=33664, stack(0x000000a8c7500000,0x000000a8c7600000)]
  0x0000021cc360a800 JavaThread "jar transforms Thread 111" [_thread_blocked, id=29660, stack(0x000000a8bd400000,0x000000a8bd500000)]
  0x0000021cc360c800 JavaThread "jar transforms Thread 112" [_thread_blocked, id=26948, stack(0x000000a8c7600000,0x000000a8c7700000)]
  0x0000021cc360b000 JavaThread "jar transforms Thread 113" [_thread_blocked, id=20136, stack(0x000000a8c7700000,0x000000a8c7800000)]
  0x0000021cc360c000 JavaThread "jar transforms Thread 114" [_thread_blocked, id=10548, stack(0x000000a8c7800000,0x000000a8c7900000)]
  0x0000021cc3607000 JavaThread "jar transforms Thread 115" [_thread_blocked, id=16520, stack(0x000000a8c7900000,0x000000a8c7a00000)]
  0x0000021cc360d800 JavaThread "jar transforms Thread 116" [_thread_blocked, id=11636, stack(0x000000a8c7a00000,0x000000a8c7b00000)]
  0x0000021cc3608000 JavaThread "jar transforms Thread 117" [_thread_blocked, id=4000, stack(0x000000a8c7b00000,0x000000a8c7c00000)]
  0x0000021cbf31f800 JavaThread "C2 CompilerThread1" daemon [_thread_blocked, id=26016, stack(0x000000a8c7c00000,0x000000a8c7d00000)]
  0x0000021cbdfd2800 JavaThread "C1 CompilerThread3" daemon [_thread_blocked, id=15892, stack(0x000000a8c8100000,0x000000a8c8200000)]
  0x0000021cbe0b5000 JavaThread "C2 CompilerThread2" daemon [_thread_blocked, id=23736, stack(0x000000a8c8000000,0x000000a8c8100000)]
=>0x0000021cc22ce000 JavaThread "C2 CompilerThread3" daemon [_thread_in_native, id=33428, stack(0x000000a8c8200000,0x000000a8c8300000)]
  0x0000021cc360e800 JavaThread "Memory manager" [_thread_blocked, id=15068, stack(0x000000a8c8300000,0x000000a8c8400000)]

Other Threads:
  0x0000021cbbfbe800 VMThread "VM Thread" [stack: 0x000000a8bc600000,0x000000a8bc700000] [id=33080]
  0x0000021cbc1eb000 WatcherThread [stack: 0x000000a8bd100000,0x000000a8bd200000] [id=9652]
  0x0000021ca08d3800 GCTaskThread "GC Thread#0" [stack: 0x000000a8bc100000,0x000000a8bc200000] [id=24728]
  0x0000021cbcacf000 GCTaskThread "GC Thread#1" [stack: 0x000000a8bd600000,0x000000a8bd700000] [id=22608]
  0x0000021cbcacf800 GCTaskThread "GC Thread#2" [stack: 0x000000a8bd700000,0x000000a8bd800000] [id=22860]
  0x0000021cbcad0000 GCTaskThread "GC Thread#3" [stack: 0x000000a8bd800000,0x000000a8bd900000] [id=10700]
  0x0000021cbcad3000 GCTaskThread "GC Thread#4" [stack: 0x000000a8bd900000,0x000000a8bda00000] [id=12480]
  0x0000021cbd54a000 GCTaskThread "GC Thread#5" [stack: 0x000000a8be700000,0x000000a8be800000] [id=27032]
  0x0000021cbdec9000 GCTaskThread "GC Thread#6" [stack: 0x000000a8be800000,0x000000a8be900000] [id=26864]
  0x0000021cbe7b0800 GCTaskThread "GC Thread#7" [stack: 0x000000a8be900000,0x000000a8bea00000] [id=20344]
  0x0000021cbe54f800 GCTaskThread "GC Thread#8" [stack: 0x000000a8bea00000,0x000000a8beb00000] [id=29016]
  0x0000021cbe8d2800 GCTaskThread "GC Thread#9" [stack: 0x000000a8beb00000,0x000000a8bec00000] [id=22312]
  0x0000021cbd3b8800 GCTaskThread "GC Thread#10" [stack: 0x000000a8bec00000,0x000000a8bed00000] [id=33056]
  0x0000021cbe37e000 GCTaskThread "GC Thread#11" [stack: 0x000000a8bed00000,0x000000a8bee00000] [id=1812]
  0x0000021cbe74d800 GCTaskThread "GC Thread#12" [stack: 0x000000a8bee00000,0x000000a8bef00000] [id=2060]
  0x0000021ca0906000 ConcurrentGCThread "G1 Main Marker" [stack: 0x000000a8bc200000,0x000000a8bc300000] [id=29636]
  0x0000021ca0908800 ConcurrentGCThread "G1 Conc#0" [stack: 0x000000a8bc300000,0x000000a8bc400000] [id=33028]
  0x0000021cbd11f800 ConcurrentGCThread "G1 Conc#1" [stack: 0x000000a8bef00000,0x000000a8bf000000] [id=28288]
  0x0000021cbd785000 ConcurrentGCThread "G1 Conc#2" [stack: 0x000000a8bf000000,0x000000a8bf100000] [id=13064]
  0x0000021ca099d800 ConcurrentGCThread "G1 Refine#0" [stack: 0x000000a8bc400000,0x000000a8bc500000] [id=27872]
  0x0000021cc29b4800 ConcurrentGCThread "G1 Refine#1" [stack: 0x000000a8c7d00000,0x000000a8c7e00000] [id=33464]
  0x0000021cbf2c7000 ConcurrentGCThread "G1 Refine#2" [stack: 0x000000a8c7e00000,0x000000a8c7f00000] [id=12824]
  0x0000021cbf2c7800 ConcurrentGCThread "G1 Refine#3" [stack: 0x000000a8c7f00000,0x000000a8c8000000] [id=27040]
  0x0000021ca099e800 ConcurrentGCThread "G1 Young RemSet Sampling" [stack: 0x000000a8bc500000,0x000000a8bc600000] [id=7120]

Threads with active compile tasks:
C1 CompilerThread3  13317 7358       3       org.gradle.api.internal.DefaultCollectionCallbackActionDecorator$BuildOperationEmittingAction::execute (26 bytes)
C2 CompilerThread3  13317 7093       4       sun.reflect.generics.parser.SignatureParser::parsePackageNameAndSimpleClassTypeSignature (119 bytes)

VM state:not at safepoint (normal execution)

VM Mutex/Monitor currently owned by a thread: None

Heap address: 0x0000000080000000, size: 2048 MB, Compressed Oops mode: 32-bit
Narrow klass base: 0x0000000000000000, Narrow klass shift: 3
Compressed class space size: 1073741824 Address: 0x0000000100000000

Heap:
 garbage-first heap   total 253952K, used 145162K [0x0000000080000000, 0x0000000100000000)
  region size 1024K, 78 young (79872K), 3 survivors (3072K)
 Metaspace       used 67017K, capacity 68972K, committed 69064K, reserved 1110016K
  class space    used 8341K, capacity 9033K, committed 9088K, reserved 1048576K
Heap Regions: E=young(eden), S=young(survivor), O=old, HS=humongous(starts), HC=humongous(continues), CS=collection set, F=free, A=archive, TAMS=top-at-mark-start (previous, next)
|   0|0x0000000080000000, 0x0000000080100000, 0x0000000080100000|100%|HS|  |TAMS 0x0000000080100000, 0x0000000080000000| Complete 
|   1|0x0000000080100000, 0x0000000080200000, 0x0000000080200000|100%|HC|  |TAMS 0x0000000080200000, 0x0000000080100000| Complete 
|   2|0x0000000080200000, 0x0000000080300000, 0x0000000080300000|100%| O|  |TAMS 0x0000000080300000, 0x0000000080200000| Untracked 
|   3|0x0000000080300000, 0x0000000080400000, 0x0000000080400000|100%|HS|  |TAMS 0x0000000080400000, 0x0000000080300000| Complete 
|   4|0x0000000080400000, 0x0000000080500000, 0x0000000080500000|100%|HC|  |TAMS 0x0000000080500000, 0x0000000080400000| Complete 
|   5|0x0000000080500000, 0x0000000080600000, 0x0000000080600000|100%|HC|  |TAMS 0x0000000080600000, 0x0000000080500000| Complete 
|   6|0x0000000080600000, 0x0000000080700000, 0x0000000080700000|100%| O|  |TAMS 0x0000000080700000, 0x0000000080600000| Untracked 
|   7|0x0000000080700000, 0x0000000080800000, 0x0000000080800000|100%| O|  |TAMS 0x0000000080800000, 0x0000000080700000| Untracked 
|   8|0x0000000080800000, 0x0000000080900000, 0x0000000080900000|100%| O|  |TAMS 0x0000000080900000, 0x0000000080800000| Untracked 
|   9|0x0000000080900000, 0x0000000080a00000, 0x0000000080a00000|100%|HS|  |TAMS 0x0000000080a00000, 0x0000000080900000| Complete 
|  10|0x0000000080a00000, 0x0000000080b00000, 0x0000000080b00000|100%|HC|  |TAMS 0x0000000080b00000, 0x0000000080a00000| Complete 
|  11|0x0000000080b00000, 0x0000000080c00000, 0x0000000080c00000|100%|HC|  |TAMS 0x0000000080c00000, 0x0000000080b00000| Complete 
|  12|0x0000000080c00000, 0x0000000080d00000, 0x0000000080d00000|100%|HS|  |TAMS 0x0000000080d00000, 0x0000000080c00000| Complete 
|  13|0x0000000080d00000, 0x0000000080e00000, 0x0000000080e00000|100%|HC|  |TAMS 0x0000000080e00000, 0x0000000080d00000| Complete 
|  14|0x0000000080e00000, 0x0000000080f00000, 0x0000000080f00000|100%|HC|  |TAMS 0x0000000080f00000, 0x0000000080e00000| Complete 
|  15|0x0000000080f00000, 0x0000000081000000, 0x0000000081000000|100%|HC|  |TAMS 0x0000000081000000, 0x0000000080f00000| Complete 
|  16|0x0000000081000000, 0x0000000081100000, 0x0000000081100000|100%| O|  |TAMS 0x0000000081100000, 0x0000000081000000| Untracked 
|  17|0x0000000081100000, 0x0000000081200000, 0x0000000081200000|100%| O|  |TAMS 0x0000000081200000, 0x0000000081100000| Untracked 
|  18|0x0000000081200000, 0x0000000081300000, 0x0000000081300000|100%| O|  |TAMS 0x0000000081300000, 0x0000000081200000| Untracked 
|  19|0x0000000081300000, 0x0000000081400000, 0x0000000081400000|100%| O|  |TAMS 0x0000000081400000, 0x0000000081300000| Untracked 
|  20|0x0000000081400000, 0x0000000081500000, 0x0000000081500000|100%| O|  |TAMS 0x0000000081500000, 0x0000000081400000| Untracked 
|  21|0x0000000081500000, 0x0000000081600000, 0x0000000081600000|100%| O|  |TAMS 0x0000000081600000, 0x0000000081500000| Untracked 
|  22|0x0000000081600000, 0x0000000081700000, 0x0000000081700000|100%| O|  |TAMS 0x0000000081700000, 0x0000000081600000| Untracked 
|  23|0x0000000081700000, 0x0000000081800000, 0x0000000081800000|100%| O|  |TAMS 0x0000000081800000, 0x0000000081700000| Untracked 
|  24|0x0000000081800000, 0x0000000081900000, 0x0000000081900000|100%| O|  |TAMS 0x0000000081900000, 0x0000000081800000| Untracked 
|  25|0x0000000081900000, 0x0000000081a00000, 0x0000000081a00000|100%|HS|  |TAMS 0x0000000081a00000, 0x0000000081900000| Complete 
|  26|0x0000000081a00000, 0x0000000081b00000, 0x0000000081b00000|100%|HS|  |TAMS 0x0000000081b00000, 0x0000000081a00000| Complete 
|  27|0x0000000081b00000, 0x0000000081c00000, 0x0000000081c00000|100%|HC|  |TAMS 0x0000000081c00000, 0x0000000081b00000| Complete 
|  28|0x0000000081c00000, 0x0000000081d00000, 0x0000000081d00000|100%|HS|  |TAMS 0x0000000081d00000, 0x0000000081c00000| Complete 
|  29|0x0000000081d00000, 0x0000000081e00000, 0x0000000081e00000|100%|HC|  |TAMS 0x0000000081e00000, 0x0000000081d00000| Complete 
|  30|0x0000000081e00000, 0x0000000081f00000, 0x0000000081f00000|100%|HC|  |TAMS 0x0000000081f00000, 0x0000000081e00000| Complete 
|  31|0x0000000081f00000, 0x0000000082000000, 0x0000000082000000|100%|HC|  |TAMS 0x0000000082000000, 0x0000000081f00000| Complete 
|  32|0x0000000082000000, 0x0000000082100000, 0x0000000082100000|100%|HS|  |TAMS 0x0000000082100000, 0x0000000082000000| Complete 
|  33|0x0000000082100000, 0x0000000082200000, 0x0000000082200000|100%|HC|  |TAMS 0x0000000082200000, 0x0000000082100000| Complete 
|  34|0x0000000082200000, 0x0000000082300000, 0x0000000082300000|100%|HC|  |TAMS 0x0000000082300000, 0x0000000082200000| Complete 
|  35|0x0000000082300000, 0x0000000082400000, 0x0000000082400000|100%| O|  |TAMS 0x0000000082400000, 0x0000000082300000| Untracked 
|  36|0x0000000082400000, 0x0000000082500000, 0x0000000082500000|100%| O|  |TAMS 0x0000000082500000, 0x0000000082400000| Untracked 
|  37|0x0000000082500000, 0x0000000082600000, 0x0000000082600000|100%| O|  |TAMS 0x0000000082600000, 0x0000000082500000| Untracked 
|  38|0x0000000082600000, 0x0000000082700000, 0x0000000082700000|100%| O|  |TAMS 0x0000000082700000, 0x0000000082600000| Untracked 
|  39|0x0000000082700000, 0x0000000082800000, 0x0000000082800000|100%| O|  |TAMS 0x0000000082800000, 0x0000000082700000| Untracked 
|  40|0x0000000082800000, 0x0000000082900000, 0x0000000082900000|100%| O|  |TAMS 0x0000000082900000, 0x0000000082800000| Untracked 
|  41|0x0000000082900000, 0x0000000082a00000, 0x0000000082a00000|100%|HS|  |TAMS 0x0000000082a00000, 0x0000000082900000| Complete 
|  42|0x0000000082a00000, 0x0000000082b00000, 0x0000000082b00000|100%|HC|  |TAMS 0x0000000082b00000, 0x0000000082a00000| Complete 
|  43|0x0000000082b00000, 0x0000000082c00000, 0x0000000082c00000|100%|HC|  |TAMS 0x0000000082c00000, 0x0000000082b00000| Complete 
|  44|0x0000000082c00000, 0x0000000082d00000, 0x0000000082d00000|100%| O|  |TAMS 0x0000000082d00000, 0x0000000082c00000| Untracked 
|  45|0x0000000082d00000, 0x0000000082e00000, 0x0000000082e00000|100%| O|  |TAMS 0x0000000082e00000, 0x0000000082d00000| Untracked 
|  46|0x0000000082e00000, 0x0000000082f00000, 0x0000000082f00000|100%| O|  |TAMS 0x0000000082f00000, 0x0000000082e00000| Untracked 
|  47|0x0000000082f00000, 0x0000000083000000, 0x0000000083000000|100%| O|  |TAMS 0x0000000083000000, 0x0000000082f00000| Untracked 
|  48|0x0000000083000000, 0x0000000083100000, 0x0000000083100000|100%| O|  |TAMS 0x0000000083100000, 0x0000000083000000| Untracked 
|  49|0x0000000083100000, 0x0000000083200000, 0x0000000083200000|100%| O|  |TAMS 0x0000000083200000, 0x0000000083100000| Untracked 
|  50|0x0000000083200000, 0x0000000083300000, 0x0000000083300000|100%| O|  |TAMS 0x0000000083300000, 0x0000000083200000| Untracked 
|  51|0x0000000083300000, 0x0000000083400000, 0x0000000083400000|100%| O|  |TAMS 0x0000000083400000, 0x0000000083300000| Untracked 
|  52|0x0000000083400000, 0x0000000083500000, 0x0000000083500000|100%| O|  |TAMS 0x0000000083500000, 0x0000000083400000| Untracked 
|  53|0x0000000083500000, 0x0000000083600000, 0x0000000083600000|100%| O|  |TAMS 0x0000000083600000, 0x0000000083500000| Untracked 
|  54|0x0000000083600000, 0x0000000083700000, 0x0000000083700000|100%| O|  |TAMS 0x0000000083700000, 0x0000000083600000| Untracked 
|  55|0x0000000083700000, 0x0000000083800000, 0x0000000083800000|100%| O|  |TAMS 0x0000000083800000, 0x0000000083700000| Untracked 
|  56|0x0000000083800000, 0x0000000083900000, 0x0000000083900000|100%| O|  |TAMS 0x0000000083900000, 0x0000000083800000| Untracked 
|  57|0x0000000083900000, 0x0000000083a00000, 0x0000000083a00000|100%| O|  |TAMS 0x0000000083a00000, 0x0000000083900000| Untracked 
|  58|0x0000000083a00000, 0x0000000083b00000, 0x0000000083b00000|100%| O|  |TAMS 0x0000000083b00000, 0x0000000083a00000| Untracked 
|  59|0x0000000083b00000, 0x0000000083c00000, 0x0000000083c00000|100%| O|  |TAMS 0x0000000083c00000, 0x0000000083b00000| Untracked 
|  60|0x0000000083c00000, 0x0000000083d00000, 0x0000000083d00000|100%| O|  |TAMS 0x0000000083d00000, 0x0000000083c00000| Untracked 
|  61|0x0000000083d00000, 0x0000000083e00000, 0x0000000083e00000|100%| O|  |TAMS 0x0000000083e00000, 0x0000000083d00000| Untracked 
|  62|0x0000000083e00000, 0x0000000083f00000, 0x0000000083f00000|100%| O|  |TAMS 0x0000000083f00000, 0x0000000083e00000| Untracked 
|  63|0x0000000083f00000, 0x0000000084000000, 0x0000000084000000|100%| O|  |TAMS 0x0000000084000000, 0x0000000083f00000| Untracked 
|  64|0x0000000084000000, 0x00000000840ffe00, 0x0000000084100000| 99%| O|  |TAMS 0x00000000840ffe00, 0x0000000084000000| Untracked 
|  65|0x0000000084100000, 0x0000000084200000, 0x0000000084200000|100%|HS|  |TAMS 0x0000000084100000, 0x0000000084100000| Complete 
|  66|0x0000000084200000, 0x0000000084200000, 0x0000000084300000|  0%| F|  |TAMS 0x0000000084200000, 0x0000000084200000| Untracked 
|  67|0x0000000084300000, 0x0000000084300000, 0x0000000084400000|  0%| F|  |TAMS 0x0000000084300000, 0x0000000084300000| Untracked 
|  68|0x0000000084400000, 0x0000000084400000, 0x0000000084500000|  0%| F|  |TAMS 0x0000000084400000, 0x0000000084400000| Untracked 
|  69|0x0000000084500000, 0x0000000084500000, 0x0000000084600000|  0%| F|  |TAMS 0x0000000084500000, 0x0000000084500000| Untracked 
|  70|0x0000000084600000, 0x0000000084600000, 0x0000000084700000|  0%| F|  |TAMS 0x0000000084600000, 0x0000000084600000| Untracked 
|  71|0x0000000084700000, 0x0000000084700000, 0x0000000084800000|  0%| F|  |TAMS 0x0000000084700000, 0x0000000084700000| Untracked 
|  72|0x0000000084800000, 0x0000000084800000, 0x0000000084900000|  0%| F|  |TAMS 0x0000000084800000, 0x0000000084800000| Untracked 
|  73|0x0000000084900000, 0x0000000084900000, 0x0000000084a00000|  0%| F|  |TAMS 0x0000000084900000, 0x0000000084900000| Untracked 
|  74|0x0000000084a00000, 0x0000000084a00000, 0x0000000084b00000|  0%| F|  |TAMS 0x0000000084a00000, 0x0000000084a00000| Untracked 
|  75|0x0000000084b00000, 0x0000000084b00000, 0x0000000084c00000|  0%| F|  |TAMS 0x0000000084b00000, 0x0000000084b00000| Untracked 
|  76|0x0000000084c00000, 0x0000000084c00000, 0x0000000084d00000|  0%| F|  |TAMS 0x0000000084c00000, 0x0000000084c00000| Untracked 
|  77|0x0000000084d00000, 0x0000000084d00000, 0x0000000084e00000|  0%| F|  |TAMS 0x0000000084d00000, 0x0000000084d00000| Untracked 
|  78|0x0000000084e00000, 0x0000000084e00000, 0x0000000084f00000|  0%| F|  |TAMS 0x0000000084e00000, 0x0000000084e00000| Untracked 
|  79|0x0000000084f00000, 0x0000000084f00000, 0x0000000085000000|  0%| F|  |TAMS 0x0000000084f00000, 0x0000000084f00000| Untracked 
|  80|0x0000000085000000, 0x0000000085000000, 0x0000000085100000|  0%| F|  |TAMS 0x0000000085000000, 0x0000000085000000| Untracked 
|  81|0x0000000085100000, 0x0000000085100000, 0x0000000085200000|  0%| F|  |TAMS 0x0000000085100000, 0x0000000085100000| Untracked 
|  82|0x0000000085200000, 0x0000000085200000, 0x0000000085300000|  0%| F|  |TAMS 0x0000000085200000, 0x0000000085200000| Untracked 
|  83|0x0000000085300000, 0x0000000085300000, 0x0000000085400000|  0%| F|  |TAMS 0x0000000085300000, 0x0000000085300000| Untracked 
|  84|0x0000000085400000, 0x0000000085400000, 0x0000000085500000|  0%| F|  |TAMS 0x0000000085400000, 0x0000000085400000| Untracked 
|  85|0x0000000085500000, 0x0000000085500000, 0x0000000085600000|  0%| F|  |TAMS 0x0000000085500000, 0x0000000085500000| Untracked 
|  86|0x0000000085600000, 0x0000000085600000, 0x0000000085700000|  0%| F|  |TAMS 0x0000000085600000, 0x0000000085600000| Untracked 
|  87|0x0000000085700000, 0x0000000085700000, 0x0000000085800000|  0%| F|  |TAMS 0x0000000085700000, 0x0000000085700000| Untracked 
|  88|0x0000000085800000, 0x0000000085800000, 0x0000000085900000|  0%| F|  |TAMS 0x0000000085800000, 0x0000000085800000| Untracked 
|  89|0x0000000085900000, 0x0000000085900000, 0x0000000085a00000|  0%| F|  |TAMS 0x0000000085900000, 0x0000000085900000| Untracked 
|  90|0x0000000085a00000, 0x0000000085a00000, 0x0000000085b00000|  0%| F|  |TAMS 0x0000000085a00000, 0x0000000085a00000| Untracked 
|  91|0x0000000085b00000, 0x0000000085b00000, 0x0000000085c00000|  0%| F|  |TAMS 0x0000000085b00000, 0x0000000085b00000| Untracked 
|  92|0x0000000085c00000, 0x0000000085c00000, 0x0000000085d00000|  0%| F|  |TAMS 0x0000000085c00000, 0x0000000085c00000| Untracked 
|  93|0x0000000085d00000, 0x0000000085d00000, 0x0000000085e00000|  0%| F|  |TAMS 0x0000000085d00000, 0x0000000085d00000| Untracked 
|  94|0x0000000085e00000, 0x0000000085e00000, 0x0000000085f00000|  0%| F|  |TAMS 0x0000000085e00000, 0x0000000085e00000| Untracked 
|  95|0x0000000085f00000, 0x0000000085f00000, 0x0000000086000000|  0%| F|  |TAMS 0x0000000085f00000, 0x0000000085f00000| Untracked 
|  96|0x0000000086000000, 0x0000000086000000, 0x0000000086100000|  0%| F|  |TAMS 0x0000000086000000, 0x0000000086000000| Untracked 
|  97|0x0000000086100000, 0x0000000086100000, 0x0000000086200000|  0%| F|  |TAMS 0x0000000086100000, 0x0000000086100000| Untracked 
|  98|0x0000000086200000, 0x0000000086200000, 0x0000000086300000|  0%| F|  |TAMS 0x0000000086200000, 0x0000000086200000| Untracked 
|  99|0x0000000086300000, 0x0000000086300000, 0x0000000086400000|  0%| F|  |TAMS 0x0000000086300000, 0x0000000086300000| Untracked 
| 100|0x0000000086400000, 0x0000000086400000, 0x0000000086500000|  0%| F|  |TAMS 0x0000000086400000, 0x0000000086400000| Untracked 
| 101|0x0000000086500000, 0x0000000086500000, 0x0000000086600000|  0%| F|  |TAMS 0x0000000086500000, 0x0000000086500000| Untracked 
| 102|0x0000000086600000, 0x0000000086600000, 0x0000000086700000|  0%| F|  |TAMS 0x0000000086600000, 0x0000000086600000| Untracked 
| 103|0x0000000086700000, 0x0000000086700000, 0x0000000086800000|  0%| F|  |TAMS 0x0000000086700000, 0x0000000086700000| Untracked 
| 104|0x0000000086800000, 0x0000000086800000, 0x0000000086900000|  0%| F|  |TAMS 0x0000000086800000, 0x0000000086800000| Untracked 
| 105|0x0000000086900000, 0x0000000086900000, 0x0000000086a00000|  0%| F|  |TAMS 0x0000000086900000, 0x0000000086900000| Untracked 
| 106|0x0000000086a00000, 0x0000000086a00000, 0x0000000086b00000|  0%| F|  |TAMS 0x0000000086a00000, 0x0000000086a00000| Untracked 
| 107|0x0000000086b00000, 0x0000000086b00000, 0x0000000086c00000|  0%| F|  |TAMS 0x0000000086b00000, 0x0000000086b00000| Untracked 
| 108|0x0000000086c00000, 0x0000000086c00000, 0x0000000086d00000|  0%| F|  |TAMS 0x0000000086c00000, 0x0000000086c00000| Untracked 
| 109|0x0000000086d00000, 0x0000000086d00000, 0x0000000086e00000|  0%| F|  |TAMS 0x0000000086d00000, 0x0000000086d00000| Untracked 
| 110|0x0000000086e00000, 0x0000000086e00000, 0x0000000086f00000|  0%| F|  |TAMS 0x0000000086e00000, 0x0000000086e00000| Untracked 
| 111|0x0000000086f00000, 0x0000000086f00000, 0x0000000087000000|  0%| F|  |TAMS 0x0000000086f00000, 0x0000000086f00000| Untracked 
| 112|0x0000000087000000, 0x0000000087000000, 0x0000000087100000|  0%| F|  |TAMS 0x0000000087000000, 0x0000000087000000| Untracked 
| 113|0x0000000087100000, 0x0000000087100000, 0x0000000087200000|  0%| F|  |TAMS 0x0000000087100000, 0x0000000087100000| Untracked 
| 114|0x0000000087200000, 0x0000000087200000, 0x0000000087300000|  0%| F|  |TAMS 0x0000000087200000, 0x0000000087200000| Untracked 
| 115|0x0000000087300000, 0x0000000087300000, 0x0000000087400000|  0%| F|  |TAMS 0x0000000087300000, 0x0000000087300000| Untracked 
| 116|0x0000000087400000, 0x0000000087400000, 0x0000000087500000|  0%| F|  |TAMS 0x0000000087400000, 0x0000000087400000| Untracked 
| 117|0x0000000087500000, 0x0000000087500000, 0x0000000087600000|  0%| F|  |TAMS 0x0000000087500000, 0x0000000087500000| Untracked 
| 118|0x0000000087600000, 0x0000000087600000, 0x0000000087700000|  0%| F|  |TAMS 0x0000000087600000, 0x0000000087600000| Untracked 
| 119|0x0000000087700000, 0x0000000087700000, 0x0000000087800000|  0%| F|  |TAMS 0x0000000087700000, 0x0000000087700000| Untracked 
| 120|0x0000000087800000, 0x0000000087800000, 0x0000000087900000|  0%| F|  |TAMS 0x0000000087800000, 0x0000000087800000| Untracked 
| 121|0x0000000087900000, 0x0000000087900000, 0x0000000087a00000|  0%| F|  |TAMS 0x0000000087900000, 0x0000000087900000| Untracked 
| 122|0x0000000087a00000, 0x0000000087a00000, 0x0000000087b00000|  0%| F|  |TAMS 0x0000000087a00000, 0x0000000087a00000| Untracked 
| 123|0x0000000087b00000, 0x0000000087b00000, 0x0000000087c00000|  0%| F|  |TAMS 0x0000000087b00000, 0x0000000087b00000| Untracked 
| 124|0x0000000087c00000, 0x0000000087c00000, 0x0000000087d00000|  0%| F|  |TAMS 0x0000000087c00000, 0x0000000087c00000| Untracked 
| 125|0x0000000087d00000, 0x0000000087d00000, 0x0000000087e00000|  0%| F|  |TAMS 0x0000000087d00000, 0x0000000087d00000| Untracked 
| 126|0x0000000087e00000, 0x0000000087e00000, 0x0000000087f00000|  0%| F|  |TAMS 0x0000000087e00000, 0x0000000087e00000| Untracked 
| 127|0x0000000087f00000, 0x0000000087f00000, 0x0000000088000000|  0%| F|  |TAMS 0x0000000087f00000, 0x0000000087f00000| Untracked 
| 128|0x0000000088000000, 0x0000000088000000, 0x0000000088100000|  0%| F|  |TAMS 0x0000000088000000, 0x0000000088000000| Untracked 
| 129|0x0000000088100000, 0x0000000088100000, 0x0000000088200000|  0%| F|  |TAMS 0x0000000088100000, 0x0000000088100000| Untracked 
| 130|0x0000000088200000, 0x0000000088200000, 0x0000000088300000|  0%| F|  |TAMS 0x0000000088200000, 0x0000000088200000| Untracked 
| 131|0x0000000088300000, 0x0000000088300000, 0x0000000088400000|  0%| F|  |TAMS 0x0000000088300000, 0x0000000088300000| Untracked 
| 132|0x0000000088400000, 0x0000000088400000, 0x0000000088500000|  0%| F|  |TAMS 0x0000000088400000, 0x0000000088400000| Untracked 
| 133|0x0000000088500000, 0x0000000088500000, 0x0000000088600000|  0%| F|  |TAMS 0x0000000088500000, 0x0000000088500000| Untracked 
| 134|0x0000000088600000, 0x0000000088600000, 0x0000000088700000|  0%| F|  |TAMS 0x0000000088600000, 0x0000000088600000| Untracked 
| 135|0x0000000088700000, 0x0000000088700000, 0x0000000088800000|  0%| F|  |TAMS 0x0000000088700000, 0x0000000088700000| Untracked 
| 136|0x0000000088800000, 0x0000000088800000, 0x0000000088900000|  0%| F|  |TAMS 0x0000000088800000, 0x0000000088800000| Untracked 
| 137|0x0000000088900000, 0x0000000088900000, 0x0000000088a00000|  0%| F|  |TAMS 0x0000000088900000, 0x0000000088900000| Untracked 
| 138|0x0000000088a00000, 0x0000000088a00000, 0x0000000088b00000|  0%| F|  |TAMS 0x0000000088a00000, 0x0000000088a00000| Untracked 
| 139|0x0000000088b00000, 0x0000000088b00000, 0x0000000088c00000|  0%| F|  |TAMS 0x0000000088b00000, 0x0000000088b00000| Untracked 
| 140|0x0000000088c00000, 0x0000000088c00000, 0x0000000088d00000|  0%| F|  |TAMS 0x0000000088c00000, 0x0000000088c00000| Untracked 
| 141|0x0000000088d00000, 0x0000000088d00000, 0x0000000088e00000|  0%| F|  |TAMS 0x0000000088d00000, 0x0000000088d00000| Untracked 
| 142|0x0000000088e00000, 0x0000000088e00000, 0x0000000088f00000|  0%| F|  |TAMS 0x0000000088e00000, 0x0000000088e00000| Untracked 
| 143|0x0000000088f00000, 0x0000000088f00000, 0x0000000089000000|  0%| F|  |TAMS 0x0000000088f00000, 0x0000000088f00000| Untracked 
| 144|0x0000000089000000, 0x0000000089000000, 0x0000000089100000|  0%| F|  |TAMS 0x0000000089000000, 0x0000000089000000| Untracked 
| 145|0x0000000089100000, 0x0000000089100000, 0x0000000089200000|  0%| F|  |TAMS 0x0000000089100000, 0x0000000089100000| Untracked 
| 146|0x0000000089200000, 0x0000000089200000, 0x0000000089300000|  0%| F|  |TAMS 0x0000000089200000, 0x0000000089200000| Untracked 
| 147|0x0000000089300000, 0x0000000089300000, 0x0000000089400000|  0%| F|  |TAMS 0x0000000089300000, 0x0000000089300000| Untracked 
| 148|0x0000000089400000, 0x0000000089400000, 0x0000000089500000|  0%| F|  |TAMS 0x0000000089400000, 0x0000000089400000| Untracked 
| 149|0x0000000089500000, 0x0000000089500000, 0x0000000089600000|  0%| F|  |TAMS 0x0000000089500000, 0x0000000089500000| Untracked 
| 150|0x0000000089600000, 0x0000000089600000, 0x0000000089700000|  0%| F|  |TAMS 0x0000000089600000, 0x0000000089600000| Untracked 
| 151|0x0000000089700000, 0x0000000089700000, 0x0000000089800000|  0%| F|  |TAMS 0x0000000089700000, 0x0000000089700000| Untracked 
| 152|0x0000000089800000, 0x0000000089800000, 0x0000000089900000|  0%| F|  |TAMS 0x0000000089800000, 0x0000000089800000| Untracked 
| 153|0x0000000089900000, 0x0000000089900000, 0x0000000089a00000|  0%| F|  |TAMS 0x0000000089900000, 0x0000000089900000| Untracked 
| 154|0x0000000089a00000, 0x0000000089a00000, 0x0000000089b00000|  0%| F|  |TAMS 0x0000000089a00000, 0x0000000089a00000| Untracked 
| 155|0x0000000089b00000, 0x0000000089b00000, 0x0000000089c00000|  0%| F|  |TAMS 0x0000000089b00000, 0x0000000089b00000| Untracked 
| 156|0x0000000089c00000, 0x0000000089c00000, 0x0000000089d00000|  0%| F|  |TAMS 0x0000000089c00000, 0x0000000089c00000| Untracked 
| 157|0x0000000089d00000, 0x0000000089d00000, 0x0000000089e00000|  0%| F|  |TAMS 0x0000000089d00000, 0x0000000089d00000| Untracked 
| 158|0x0000000089e00000, 0x0000000089e00000, 0x0000000089f00000|  0%| F|  |TAMS 0x0000000089e00000, 0x0000000089e00000| Untracked 
| 159|0x0000000089f00000, 0x0000000089f00000, 0x000000008a000000|  0%| F|  |TAMS 0x0000000089f00000, 0x0000000089f00000| Untracked 
| 160|0x000000008a000000, 0x000000008a000000, 0x000000008a100000|  0%| F|  |TAMS 0x000000008a000000, 0x000000008a000000| Untracked 
| 161|0x000000008a100000, 0x000000008a100000, 0x000000008a200000|  0%| F|  |TAMS 0x000000008a100000, 0x000000008a100000| Untracked 
| 162|0x000000008a200000, 0x000000008a200000, 0x000000008a300000|  0%| F|  |TAMS 0x000000008a200000, 0x000000008a200000| Untracked 
| 163|0x000000008a300000, 0x000000008a300000, 0x000000008a400000|  0%| F|  |TAMS 0x000000008a300000, 0x000000008a300000| Untracked 
| 164|0x000000008a400000, 0x000000008a400000, 0x000000008a500000|  0%| F|  |TAMS 0x000000008a400000, 0x000000008a400000| Untracked 
| 165|0x000000008a500000, 0x000000008a500000, 0x000000008a600000|  0%| F|  |TAMS 0x000000008a500000, 0x000000008a500000| Untracked 
| 166|0x000000008a600000, 0x000000008a600000, 0x000000008a700000|  0%| F|  |TAMS 0x000000008a600000, 0x000000008a600000| Untracked 
| 167|0x000000008a700000, 0x000000008a700000, 0x000000008a800000|  0%| F|  |TAMS 0x000000008a700000, 0x000000008a700000| Untracked 
| 168|0x000000008a800000, 0x000000008a800000, 0x000000008a900000|  0%| F|  |TAMS 0x000000008a800000, 0x000000008a800000| Untracked 
| 169|0x000000008a900000, 0x000000008a900800, 0x000000008aa00000|  0%| E|  |TAMS 0x000000008a900000, 0x000000008a900000| Complete 
| 170|0x000000008aa00000, 0x000000008ab00000, 0x000000008ab00000|100%| E|CS|TAMS 0x000000008aa00000, 0x000000008aa00000| Complete 
| 171|0x000000008ab00000, 0x000000008ac00000, 0x000000008ac00000|100%| E|CS|TAMS 0x000000008ab00000, 0x000000008ab00000| Complete 
| 172|0x000000008ac00000, 0x000000008ad00000, 0x000000008ad00000|100%| E|CS|TAMS 0x000000008ac00000, 0x000000008ac00000| Complete 
| 173|0x000000008ad00000, 0x000000008ae00000, 0x000000008ae00000|100%| E|CS|TAMS 0x000000008ad00000, 0x000000008ad00000| Complete 
| 174|0x000000008ae00000, 0x000000008af00000, 0x000000008af00000|100%| E|CS|TAMS 0x000000008ae00000, 0x000000008ae00000| Complete 
| 175|0x000000008af00000, 0x000000008b000000, 0x000000008b000000|100%| E|CS|TAMS 0x000000008af00000, 0x000000008af00000| Complete 
| 176|0x000000008b000000, 0x000000008b100000, 0x000000008b100000|100%| E|CS|TAMS 0x000000008b000000, 0x000000008b000000| Complete 
| 177|0x000000008b100000, 0x000000008b200000, 0x000000008b200000|100%| E|CS|TAMS 0x000000008b100000, 0x000000008b100000| Complete 
| 178|0x000000008b200000, 0x000000008b300000, 0x000000008b300000|100%| E|CS|TAMS 0x000000008b200000, 0x000000008b200000| Complete 
| 179|0x000000008b300000, 0x000000008b400000, 0x000000008b400000|100%| E|CS|TAMS 0x000000008b300000, 0x000000008b300000| Complete 
| 180|0x000000008b400000, 0x000000008b500000, 0x000000008b500000|100%| E|CS|TAMS 0x000000008b400000, 0x000000008b400000| Complete 
| 181|0x000000008b500000, 0x000000008b600000, 0x000000008b600000|100%| E|CS|TAMS 0x000000008b500000, 0x000000008b500000| Complete 
| 182|0x000000008b600000, 0x000000008b700000, 0x000000008b700000|100%| E|CS|TAMS 0x000000008b600000, 0x000000008b600000| Complete 
| 183|0x000000008b700000, 0x000000008b800000, 0x000000008b800000|100%| E|CS|TAMS 0x000000008b700000, 0x000000008b700000| Complete 
| 184|0x000000008b800000, 0x000000008b900000, 0x000000008b900000|100%| E|CS|TAMS 0x000000008b800000, 0x000000008b800000| Complete 
| 185|0x000000008b900000, 0x000000008ba00000, 0x000000008ba00000|100%| E|CS|TAMS 0x000000008b900000, 0x000000008b900000| Complete 
| 186|0x000000008ba00000, 0x000000008bb00000, 0x000000008bb00000|100%| E|CS|TAMS 0x000000008ba00000, 0x000000008ba00000| Complete 
| 187|0x000000008bb00000, 0x000000008bc00000, 0x000000008bc00000|100%| E|CS|TAMS 0x000000008bb00000, 0x000000008bb00000| Complete 
| 188|0x000000008bc00000, 0x000000008bd00000, 0x000000008bd00000|100%| E|CS|TAMS 0x000000008bc00000, 0x000000008bc00000| Complete 
| 189|0x000000008bd00000, 0x000000008be00000, 0x000000008be00000|100%| E|CS|TAMS 0x000000008bd00000, 0x000000008bd00000| Complete 
| 190|0x000000008be00000, 0x000000008bf00000, 0x000000008bf00000|100%| E|CS|TAMS 0x000000008be00000, 0x000000008be00000| Complete 
| 191|0x000000008bf00000, 0x000000008bfc2df0, 0x000000008c000000| 76%| S|CS|TAMS 0x000000008bf00000, 0x000000008bf00000| Complete 
| 192|0x000000008c000000, 0x000000008c100000, 0x000000008c100000|100%| S|CS|TAMS 0x000000008c000000, 0x000000008c000000| Complete 
| 193|0x000000008c100000, 0x000000008c200000, 0x000000008c200000|100%| S|CS|TAMS 0x000000008c100000, 0x000000008c100000| Complete 
| 194|0x000000008c200000, 0x000000008c300000, 0x000000008c300000|100%| E|CS|TAMS 0x000000008c200000, 0x000000008c200000| Complete 
| 195|0x000000008c300000, 0x000000008c400000, 0x000000008c400000|100%| E|CS|TAMS 0x000000008c300000, 0x000000008c300000| Complete 
| 196|0x000000008c400000, 0x000000008c500000, 0x000000008c500000|100%| E|CS|TAMS 0x000000008c400000, 0x000000008c400000| Complete 
| 197|0x000000008c500000, 0x000000008c600000, 0x000000008c600000|100%| E|CS|TAMS 0x000000008c500000, 0x000000008c500000| Complete 
| 198|0x000000008c600000, 0x000000008c700000, 0x000000008c700000|100%| E|CS|TAMS 0x000000008c600000, 0x000000008c600000| Complete 
| 199|0x000000008c700000, 0x000000008c800000, 0x000000008c800000|100%| E|CS|TAMS 0x000000008c700000, 0x000000008c700000| Complete 
| 200|0x000000008c800000, 0x000000008c900000, 0x000000008c900000|100%| E|CS|TAMS 0x000000008c800000, 0x000000008c800000| Complete 
| 201|0x000000008c900000, 0x000000008ca00000, 0x000000008ca00000|100%| E|CS|TAMS 0x000000008c900000, 0x000000008c900000| Complete 
| 202|0x000000008ca00000, 0x000000008cb00000, 0x000000008cb00000|100%| E|CS|TAMS 0x000000008ca00000, 0x000000008ca00000| Complete 
| 203|0x000000008cb00000, 0x000000008cc00000, 0x000000008cc00000|100%| E|CS|TAMS 0x000000008cb00000, 0x000000008cb00000| Complete 
| 204|0x000000008cc00000, 0x000000008cd00000, 0x000000008cd00000|100%| E|CS|TAMS 0x000000008cc00000, 0x000000008cc00000| Complete 
| 205|0x000000008cd00000, 0x000000008ce00000, 0x000000008ce00000|100%| E|CS|TAMS 0x000000008cd00000, 0x000000008cd00000| Complete 
| 206|0x000000008ce00000, 0x000000008cf00000, 0x000000008cf00000|100%| E|CS|TAMS 0x000000008ce00000, 0x000000008ce00000| Complete 
| 207|0x000000008cf00000, 0x000000008d000000, 0x000000008d000000|100%| E|CS|TAMS 0x000000008cf00000, 0x000000008cf00000| Complete 
| 208|0x000000008d000000, 0x000000008d100000, 0x000000008d100000|100%| E|CS|TAMS 0x000000008d000000, 0x000000008d000000| Complete 
| 209|0x000000008d100000, 0x000000008d200000, 0x000000008d200000|100%| E|CS|TAMS 0x000000008d100000, 0x000000008d100000| Complete 
| 210|0x000000008d200000, 0x000000008d300000, 0x000000008d300000|100%| E|CS|TAMS 0x000000008d200000, 0x000000008d200000| Complete 
| 211|0x000000008d300000, 0x000000008d400000, 0x000000008d400000|100%| E|CS|TAMS 0x000000008d300000, 0x000000008d300000| Complete 
| 212|0x000000008d400000, 0x000000008d500000, 0x000000008d500000|100%| E|CS|TAMS 0x000000008d400000, 0x000000008d400000| Complete 
| 213|0x000000008d500000, 0x000000008d600000, 0x000000008d600000|100%| E|CS|TAMS 0x000000008d500000, 0x000000008d500000| Complete 
| 214|0x000000008d600000, 0x000000008d700000, 0x000000008d700000|100%| E|CS|TAMS 0x000000008d600000, 0x000000008d600000| Complete 
| 215|0x000000008d700000, 0x000000008d800000, 0x000000008d800000|100%| E|CS|TAMS 0x000000008d700000, 0x000000008d700000| Complete 
| 216|0x000000008d800000, 0x000000008d900000, 0x000000008d900000|100%| E|CS|TAMS 0x000000008d800000, 0x000000008d800000| Complete 
| 217|0x000000008d900000, 0x000000008da00000, 0x000000008da00000|100%| E|CS|TAMS 0x000000008d900000, 0x000000008d900000| Complete 
| 218|0x000000008da00000, 0x000000008db00000, 0x000000008db00000|100%| E|CS|TAMS 0x000000008da00000, 0x000000008da00000| Complete 
| 219|0x000000008db00000, 0x000000008dc00000, 0x000000008dc00000|100%| E|CS|TAMS 0x000000008db00000, 0x000000008db00000| Complete 
| 220|0x000000008dc00000, 0x000000008dd00000, 0x000000008dd00000|100%| E|CS|TAMS 0x000000008dc00000, 0x000000008dc00000| Complete 
| 221|0x000000008dd00000, 0x000000008de00000, 0x000000008de00000|100%| E|CS|TAMS 0x000000008dd00000, 0x000000008dd00000| Complete 
| 222|0x000000008de00000, 0x000000008df00000, 0x000000008df00000|100%| E|  |TAMS 0x000000008de00000, 0x000000008de00000| Complete 
| 223|0x000000008df00000, 0x000000008e000000, 0x000000008e000000|100%| E|CS|TAMS 0x000000008df00000, 0x000000008df00000| Complete 
| 224|0x000000008e000000, 0x000000008e100000, 0x000000008e100000|100%| E|CS|TAMS 0x000000008e000000, 0x000000008e000000| Complete 
| 225|0x000000008e100000, 0x000000008e200000, 0x000000008e200000|100%| E|CS|TAMS 0x000000008e100000, 0x000000008e100000| Complete 
| 226|0x000000008e200000, 0x000000008e300000, 0x000000008e300000|100%| E|CS|TAMS 0x000000008e200000, 0x000000008e200000| Complete 
| 227|0x000000008e300000, 0x000000008e400000, 0x000000008e400000|100%| E|CS|TAMS 0x000000008e300000, 0x000000008e300000| Complete 
| 228|0x000000008e400000, 0x000000008e500000, 0x000000008e500000|100%| E|CS|TAMS 0x000000008e400000, 0x000000008e400000| Complete 
| 229|0x000000008e500000, 0x000000008e600000, 0x000000008e600000|100%| E|CS|TAMS 0x000000008e500000, 0x000000008e500000| Complete 
| 230|0x000000008e600000, 0x000000008e700000, 0x000000008e700000|100%| E|CS|TAMS 0x000000008e600000, 0x000000008e600000| Complete 
| 231|0x000000008e700000, 0x000000008e800000, 0x000000008e800000|100%| E|CS|TAMS 0x000000008e700000, 0x000000008e700000| Complete 
| 232|0x000000008e800000, 0x000000008e900000, 0x000000008e900000|100%| E|CS|TAMS 0x000000008e800000, 0x000000008e800000| Complete 
| 233|0x000000008e900000, 0x000000008ea00000, 0x000000008ea00000|100%| E|CS|TAMS 0x000000008e900000, 0x000000008e900000| Complete 
| 234|0x000000008ea00000, 0x000000008eb00000, 0x000000008eb00000|100%| E|CS|TAMS 0x000000008ea00000, 0x000000008ea00000| Complete 
| 235|0x000000008eb00000, 0x000000008ec00000, 0x000000008ec00000|100%| E|CS|TAMS 0x000000008eb00000, 0x000000008eb00000| Complete 
| 236|0x000000008ec00000, 0x000000008ed00000, 0x000000008ed00000|100%| E|CS|TAMS 0x000000008ec00000, 0x000000008ec00000| Complete 
| 237|0x000000008ed00000, 0x000000008ee00000, 0x000000008ee00000|100%| E|CS|TAMS 0x000000008ed00000, 0x000000008ed00000| Complete 
| 238|0x000000008ee00000, 0x000000008ef00000, 0x000000008ef00000|100%| E|CS|TAMS 0x000000008ee00000, 0x000000008ee00000| Complete 
| 239|0x000000008ef00000, 0x000000008f000000, 0x000000008f000000|100%| E|CS|TAMS 0x000000008ef00000, 0x000000008ef00000| Complete 
| 240|0x000000008f000000, 0x000000008f100000, 0x000000008f100000|100%| E|CS|TAMS 0x000000008f000000, 0x000000008f000000| Complete 
| 241|0x000000008f100000, 0x000000008f200000, 0x000000008f200000|100%| E|CS|TAMS 0x000000008f100000, 0x000000008f100000| Complete 
| 242|0x000000008f200000, 0x000000008f300000, 0x000000008f300000|100%| E|CS|TAMS 0x000000008f200000, 0x000000008f200000| Complete 
| 243|0x000000008f300000, 0x000000008f400000, 0x000000008f400000|100%| E|CS|TAMS 0x000000008f300000, 0x000000008f300000| Complete 
| 244|0x000000008f400000, 0x000000008f500000, 0x000000008f500000|100%| E|CS|TAMS 0x000000008f400000, 0x000000008f400000| Complete 
| 245|0x000000008f500000, 0x000000008f600000, 0x000000008f600000|100%| E|CS|TAMS 0x000000008f500000, 0x000000008f500000| Complete 
| 246|0x000000008f600000, 0x000000008f700000, 0x000000008f700000|100%| E|CS|TAMS 0x000000008f600000, 0x000000008f600000| Complete 
| 247|0x000000008f700000, 0x000000008f800000, 0x000000008f800000|100%| E|CS|TAMS 0x000000008f700000, 0x000000008f700000| Complete 

Card table byte_map: [0x0000021cb3ec0000,0x0000021cb42c0000] _byte_map_base: 0x0000021cb3ac0000

Marking Bits (Prev, Next): (CMBitMap*) 0x0000021ca08fd5c0, (CMBitMap*) 0x0000021ca08fd588
 Prev Bits: [0x0000021cb66c0000, 0x0000021cb86c0000)
 Next Bits: [0x0000021cb46c0000, 0x0000021cb66c0000)

Polling page: 0x0000021ca00a0000

Metaspace:

Usage:
  Non-class:     58.54 MB capacity,    57.31 MB ( 98%) used,     1.07 MB (  2%) free+waste,   157.13 KB ( <1%) overhead. 
      Class:      8.82 MB capacity,     8.15 MB ( 92%) used,   617.88 KB (  7%) free+waste,    73.81 KB ( <1%) overhead. 
       Both:     67.36 MB capacity,    65.45 MB ( 97%) used,     1.68 MB (  2%) free+waste,   230.94 KB ( <1%) overhead. 

Virtual space:
  Non-class space:       60.00 MB reserved,      58.57 MB ( 98%) committed 
      Class space:        1.00 GB reserved,       8.88 MB ( <1%) committed 
             Both:        1.06 GB reserved,      67.45 MB (  6%) committed 

Chunk freelists:
   Non-Class:  36.00 KB
       Class:  23.00 KB
        Both:  59.00 KB

MaxMetaspaceSize: 17179869184.00 GB
CompressedClassSpaceSize: 1.00 GB

CodeHeap 'non-profiled nmethods': size=119168Kb used=4271Kb max_used=4271Kb free=114896Kb
 bounds [0x0000021cabde0000, 0x0000021cac210000, 0x0000021cb3240000]
CodeHeap 'profiled nmethods': size=119168Kb used=16404Kb max_used=16404Kb free=102763Kb
 bounds [0x0000021ca4980000, 0x0000021ca5990000, 0x0000021cabde0000]
CodeHeap 'non-nmethods': size=7424Kb used=3951Kb max_used=3992Kb free=3472Kb
 bounds [0x0000021ca4240000, 0x0000021ca46c0000, 0x0000021ca4980000]
 total_blobs=7980 nmethods=7125 adapters=762
 compilation: enabled
              stopped_count=0, restarted_count=0
 full_count=0

Compilation events (20 events):
Event: 13.187 Thread 0x0000021cbf31f800 7306       4       java.lang.ThreadLocal::set (30 bytes)
Event: 13.187 Thread 0x0000021cbdfd2800 7307       3       org.apache.commons.lang.StringUtils::containsAny (128 bytes)
Event: 13.188 Thread 0x0000021cbf31f800 nmethod 7306 0x0000021cac204f90 code [0x0000021cac205140, 0x0000021cac205258]
Event: 13.188 Thread 0x0000021cbdfd2800 nmethod 7307 0x0000021ca595a690 code [0x0000021ca595a9a0, 0x0000021ca595bce8]
Event: 13.190 Thread 0x0000021cbc1a2800 7308       3       java.lang.reflect.ProxyGenerator$ProxyMethod::generateMethod (733 bytes)
Event: 13.196 Thread 0x0000021cbc1a2800 nmethod 7308 0x0000021ca595c510 code [0x0000021ca595d280, 0x0000021ca5965de8]
Event: 13.222 Thread 0x0000021cbc024000 7309       3       java.lang.AbstractStringBuilder::appendChars (133 bytes)
Event: 13.223 Thread 0x0000021cbc024000 nmethod 7309 0x0000021ca5969510 code [0x0000021ca5969720, 0x0000021ca5969d58]
Event: 13.252 Thread 0x0000021cbd266800 7310       3       java.lang.AbstractStringBuilder::append (43 bytes)
Event: 13.252 Thread 0x0000021cbd266800 nmethod 7310 0x0000021ca596a010 code [0x0000021ca596a200, 0x0000021ca596a4d8]
Event: 13.270 Thread 0x0000021cbdfd2800 7311       3       org.apache.commons.io.FilenameUtils::doNormalize (534 bytes)
Event: 13.271 Thread 0x0000021cbdfd2800 nmethod 7311 0x0000021ca596a610 code [0x0000021ca596a980, 0x0000021ca596c188]
Event: 13.272 Thread 0x0000021cbc1a2800 7312   !   3       org.gradle.internal.operations.UnmanagedBuildOperationWrapper::runWithUnmanagedSupport (32 bytes)
Event: 13.272 Thread 0x0000021cbc1a2800 nmethod 7312 0x0000021ca596ca10 code [0x0000021ca596cc00, 0x0000021ca596ceb8]
Event: 13.278 Thread 0x0000021cbc01f000 7313       4       java.nio.MappedByteBuffer::limit (6 bytes)
Event: 13.279 Thread 0x0000021cbc01f000 nmethod 7313 0x0000021cac205390 code [0x0000021cac205520, 0x0000021cac2055f8]
Event: 13.280 Thread 0x0000021cbe0b5000 7314   !   4       java.util.zip.ZipFile$ZipFileInflaterInputStream::close (67 bytes)
Event: 13.283 Thread 0x0000021cbc024000 7315       3       org.gradle.api.internal.collections.AbstractIterationOrderRetainingElementSource$RealizedElementCollectionIterator::updateNext (157 bytes)
Event: 13.283 Thread 0x0000021cbd266800 7316       3       org.gradle.api.internal.collections.AbstractIterationOrderRetainingElementSource$RealizedElementCollectionIterator::hasNext (13 bytes)
Event: 13.283 Thread 0x0000021cbd266800 nmethod 7316 0x0000021ca596d090 code [0x0000021ca596d240, 0x0000021ca596d398]

GC Heap History (14 events):
Event: 0.510 GC heap before
{Heap before GC invocations=0 (full 0):
 garbage-first heap   total 253952K, used 29696K [0x0000000080000000, 0x0000000100000000)
  region size 1024K, 24 young (24576K), 0 survivors (0K)
 Metaspace       used 9977K, capacity 10156K, committed 10368K, reserved 1058816K
  class space    used 1033K, capacity 1092K, committed 1152K, reserved 1048576K
}
Event: 0.513 GC heap after
{Heap after GC invocations=1 (full 0):
 garbage-first heap   total 253952K, used 8509K [0x0000000080000000, 0x0000000100000000)
  region size 1024K, 3 young (3072K), 3 survivors (3072K)
 Metaspace       used 9977K, capacity 10156K, committed 10368K, reserved 1058816K
  class space    used 1033K, capacity 1092K, committed 1152K, reserved 1048576K
}
Event: 1.863 GC heap before
{Heap before GC invocations=1 (full 0):
 garbage-first heap   total 253952K, used 94525K [0x0000000080000000, 0x0000000100000000)
  region size 1024K, 89 young (91136K), 3 survivors (3072K)
 Metaspace       used 20643K, capacity 21187K, committed 21296K, reserved 1069056K
  class space    used 2510K, capacity 2688K, committed 2688K, reserved 1048576K
}
Event: 1.875 GC heap after
{Heap after GC invocations=2 (full 0):
 garbage-first heap   total 253952K, used 16175K [0x0000000080000000, 0x0000000100000000)
  region size 1024K, 11 young (11264K), 11 survivors (11264K)
 Metaspace       used 20643K, capacity 21187K, committed 21296K, reserved 1069056K
  class space    used 2510K, capacity 2688K, committed 2688K, reserved 1048576K
}
Event: 2.794 GC heap before
{Heap before GC invocations=3 (full 0):
 garbage-first heap   total 253952K, used 79663K [0x0000000080000000, 0x0000000100000000)
  region size 1024K, 65 young (66560K), 11 survivors (11264K)
 Metaspace       used 26387K, capacity 27203K, committed 27440K, reserved 1073152K
  class space    used 3433K, capacity 3693K, committed 3712K, reserved 1048576K
}
Event: 2.800 GC heap after
{Heap after GC invocations=4 (full 0):
 garbage-first heap   total 253952K, used 30199K [0x0000000080000000, 0x0000000100000000)
  region size 1024K, 5 young (5120K), 5 survivors (5120K)
 Metaspace       used 26387K, capacity 27203K, committed 27440K, reserved 1073152K
  class space    used 3433K, capacity 3693K, committed 3712K, reserved 1048576K
}
Event: 3.374 GC heap before
{Heap before GC invocations=4 (full 0):
 garbage-first heap   total 253952K, used 77303K [0x0000000080000000, 0x0000000100000000)
  region size 1024K, 53 young (54272K), 5 survivors (5120K)
 Metaspace       used 34745K, capacity 35631K, committed 35708K, reserved 1081344K
  class space    used 4515K, capacity 4864K, committed 4864K, reserved 1048576K
}
Event: 3.381 GC heap after
{Heap after GC invocations=5 (full 0):
 garbage-first heap   total 253952K, used 32949K [0x0000000080000000, 0x0000000100000000)
  region size 1024K, 8 young (8192K), 8 survivors (8192K)
 Metaspace       used 34745K, capacity 35631K, committed 35708K, reserved 1081344K
  class space    used 4515K, capacity 4864K, committed 4864K, reserved 1048576K
}
Event: 4.723 GC heap before
{Heap before GC invocations=6 (full 0):
 garbage-first heap   total 253952K, used 136373K [0x0000000080000000, 0x0000000100000000)
  region size 1024K, 99 young (101376K), 8 survivors (8192K)
 Metaspace       used 45882K, capacity 47057K, committed 47176K, reserved 1091584K
  class space    used 5645K, capacity 6043K, committed 6144K, reserved 1048576K
}
Event: 4.730 GC heap after
{Heap after GC invocations=7 (full 0):
 garbage-first heap   total 253952K, used 48078K [0x0000000080000000, 0x0000000100000000)
  region size 1024K, 11 young (11264K), 11 survivors (11264K)
 Metaspace       used 45882K, capacity 47057K, committed 47176K, reserved 1091584K
  class space    used 5645K, capacity 6043K, committed 6144K, reserved 1048576K
}
Event: 11.648 GC heap before
{Heap before GC invocations=7 (full 0):
 garbage-first heap   total 253952K, used 162766K [0x0000000080000000, 0x0000000100000000)
  region size 1024K, 118 young (120832K), 11 survivors (11264K)
 Metaspace       used 51343K, capacity 52978K, committed 53192K, reserved 1095680K
  class space    used 6412K, capacity 6981K, committed 7040K, reserved 1048576K
}
Event: 11.656 GC heap after
{Heap after GC invocations=8 (full 0):
 garbage-first heap   total 253952K, used 66111K [0x0000000080000000, 0x0000000100000000)
  region size 1024K, 15 young (15360K), 15 survivors (15360K)
 Metaspace       used 51343K, capacity 52978K, committed 53192K, reserved 1095680K
  class space    used 6412K, capacity 6981K, committed 7040K, reserved 1048576K
}
Event: 12.269 GC heap before
{Heap before GC invocations=8 (full 0):
 garbage-first heap   total 253952K, used 120383K [0x0000000080000000, 0x0000000100000000)
  region size 1024K, 69 young (70656K), 15 survivors (15360K)
 Metaspace       used 58071K, capacity 59844K, committed 59976K, reserved 1101824K
  class space    used 7240K, capacity 7843K, committed 7936K, reserved 1048576K
}
Event: 12.278 GC heap after
{Heap after GC invocations=9 (full 0):
 garbage-first heap   total 253952K, used 69386K [0x0000000080000000, 0x0000000100000000)
  region size 1024K, 3 young (3072K), 3 survivors (3072K)
 Metaspace       used 58071K, capacity 59844K, committed 59976K, reserved 1101824K
  class space    used 7240K, capacity 7843K, committed 7936K, reserved 1048576K
}

Deoptimization events (20 events):
Event: 13.115 Thread 0x0000021cbd7ce800 Uncommon trap: trap_request=0xffffff4d fr.pc=0x0000021cabe8cd64 relative=0x0000000000000624
Event: 13.115 Thread 0x0000021cbd7ce800 Uncommon trap: reason=unstable_if action=reinterpret pc=0x0000021cabe8cd64 method=java.lang.String.replace(CC)Ljava/lang/String; @ 2 c2
Event: 13.115 Thread 0x0000021cbd7ce800 DEOPT PACKING pc=0x0000021cabe8cd64 sp=0x000000a8be1f8080
Event: 13.115 Thread 0x0000021cbd7ce800 DEOPT UNPACKING pc=0x0000021ca42674af sp=0x000000a8be1f8030 mode 2
Event: 13.118 Thread 0x0000021cbd7ce800 Uncommon trap: trap_request=0xffffff4d fr.pc=0x0000021cac076078 relative=0x0000000000002e58
Event: 13.119 Thread 0x0000021cbd7ce800 Uncommon trap: reason=unstable_if action=reinterpret pc=0x0000021cac076078 method=org.codehaus.groovy.runtime.metaclass.MetaMethodIndex.copyNonPrivateNonNewMetaMethods(Lorg/codehaus/groovy/runtime/metaclass/MetaMethodIndex$Entry;Lorg/codehaus/groovy/runti
Event: 13.119 Thread 0x0000021cbd7ce800 DEOPT PACKING pc=0x0000021cac076078 sp=0x000000a8be1f7d40
Event: 13.119 Thread 0x0000021cbd7ce800 DEOPT UNPACKING pc=0x0000021ca42674af sp=0x000000a8be1f7d48 mode 2
Event: 13.119 Thread 0x0000021cbd7ce800 Uncommon trap: trap_request=0xffffff4d fr.pc=0x0000021cac090ecc relative=0x00000000000059ac
Event: 13.119 Thread 0x0000021cbd7ce800 Uncommon trap: reason=unstable_if action=reinterpret pc=0x0000021cac090ecc method=groovy.lang.MetaClassImpl$1MOPIter.methodNameAction(Ljava/lang/Class;Lorg/codehaus/groovy/runtime/metaclass/MetaMethodIndex$Entry;)V @ 182 c2
Event: 13.119 Thread 0x0000021cbd7ce800 DEOPT PACKING pc=0x0000021cac090ecc sp=0x000000a8be1f7d50
Event: 13.119 Thread 0x0000021cbd7ce800 DEOPT UNPACKING pc=0x0000021ca42674af sp=0x000000a8be1f7d50 mode 2
Event: 13.176 Thread 0x0000021cbd7ce800 Uncommon trap: trap_request=0xffffff4d fr.pc=0x0000021cabf6da60 relative=0x0000000000000200
Event: 13.176 Thread 0x0000021cbd7ce800 Uncommon trap: reason=unstable_if action=reinterpret pc=0x0000021cabf6da60 method=java.lang.invoke.LambdaForm$BasicType.basicType(C)Ljava/lang/invoke/LambdaForm$BasicType; @ 1 c2
Event: 13.176 Thread 0x0000021cbd7ce800 DEOPT PACKING pc=0x0000021cabf6da60 sp=0x000000a8be1f7f80
Event: 13.176 Thread 0x0000021cbd7ce800 DEOPT UNPACKING pc=0x0000021ca42674af sp=0x000000a8be1f7e68 mode 2
Event: 13.252 Thread 0x0000021cbd7ce800 Uncommon trap: trap_request=0xffffff4d fr.pc=0x0000021cac133978 relative=0x0000000000003798
Event: 13.252 Thread 0x0000021cbd7ce800 Uncommon trap: reason=unstable_if action=reinterpret pc=0x0000021cac133978 method=sun.net.www.protocol.jar.Handler.parseURL(Ljava/net/URL;Ljava/lang/String;II)V @ 116 c2
Event: 13.252 Thread 0x0000021cbd7ce800 DEOPT PACKING pc=0x0000021cac133978 sp=0x000000a8be1f9270
Event: 13.252 Thread 0x0000021cbd7ce800 DEOPT UNPACKING pc=0x0000021ca42674af sp=0x000000a8be1f9230 mode 2

Classes redefined (0 events):
No events

Internal exceptions (20 events):
Event: 12.089 Thread 0x0000021cbd7ce800 Exception <a 'java/lang/NoSuchMethodError'{0x000000008d17e7b0}: 'java.lang.Object java.lang.invoke.DirectMethodHandle$Holder.invokeSpecial(java.lang.Object, java.lang.Object, int, int, java.lang.Object, java.lang.Object, java.lang.Object)'> (0x000000008d17e7b0) thrown at [./src/hotspot/share/interpreter/linkResolver.cpp, line 773]
Event: 12.089 Thread 0x0000021cbd7ce800 Exception <a 'java/lang/NoSuchMethodError'{0x000000008d182f80}: 'java.lang.Object java.lang.invoke.DelegatingMethodHandle$Holder.reinvoke_L(java.lang.Object, int, int, java.lang.Object, java.lang.Object, java.lang.Object)'> (0x000000008d182f80) thrown at [./src/hotspot/share/interpreter/linkResolver.cpp, line 773]
Event: 12.252 Thread 0x0000021cbd7ce800 Exception <a 'java/lang/NoSuchMethodError'{0x000000008c4a7348}: 'int java.lang.invoke.DirectMethodHandle$Holder.invokeInterface(java.lang.Object, java.lang.Object, java.lang.Object, java.lang.Object)'> (0x000000008c4a7348) thrown at [./src/hotspot/share/interpreter/linkResolver.cpp, line 773]
Event: 12.421 Thread 0x0000021cbd7ce800 Exception <a 'java/lang/NoSuchMethodError'{0x000000008ef3d8d8}: 'void java.lang.invoke.DirectMethodHandle$Holder.invokeInterface(java.lang.Object, java.lang.Object, java.lang.Object, java.lang.Object)'> (0x000000008ef3d8d8) thrown at [./src/hotspot/share/interpreter/linkResolver.cpp, line 773]
Event: 12.519 Thread 0x0000021cbd7ce800 Exception <a 'java/lang/IncompatibleClassChangeError'{0x000000008e871ed8}: Found class java.lang.Object, but interface was expected> (0x000000008e871ed8) thrown at [./src/hotspot/share/interpreter/linkResolver.cpp, line 839]
Event: 12.540 Thread 0x0000021cbd7ce800 Exception <a 'java/lang/NoSuchMethodError'{0x000000008e70dd50}: 'void java.lang.invoke.DirectMethodHandle$Holder.invokeStatic(java.lang.Object, java.lang.Object, java.lang.Object, java.lang.Object, java.lang.Object)'> (0x000000008e70dd50) thrown at [./src/hotspot/share/interpreter/linkResolver.cpp, line 773]
Event: 12.567 Thread 0x0000021cbd7ce800 Implicit null exception at 0x0000021cac0cefd4 to 0x0000021cac0cf1b8
Event: 12.567 Thread 0x0000021cbd7ce800 Implicit null exception at 0x0000021cac03df5d to 0x0000021cac03e140
Event: 12.631 Thread 0x0000021cbd7ce800 Implicit null exception at 0x0000021cabed8a8b to 0x0000021cabed8b64
Event: 13.089 Thread 0x0000021cbd7ce800 Exception <a 'java/lang/IncompatibleClassChangeError'{0x000000008b664b98}: Found class java.lang.Object, but interface was expected> (0x000000008b664b98) thrown at [./src/hotspot/share/interpreter/linkResolver.cpp, line 839]
Event: 13.121 Thread 0x0000021cbd7ce800 Exception <a 'java/lang/ClassNotFoundException'{0x000000008b4321f0}: org/gradle/api/internal/project/DefaultAntBuilderBeanInfo> (0x000000008b4321f0) thrown at [./src/hotspot/share/classfile/systemDictionary.cpp, line 231]
Event: 13.121 Thread 0x0000021cbd7ce800 Exception <a 'java/lang/ClassNotFoundException'{0x000000008b45bcf8}: org/gradle/api/internal/project/ant/BasicAntBuilderBeanInfo> (0x000000008b45bcf8) thrown at [./src/hotspot/share/classfile/systemDictionary.cpp, line 231]
Event: 13.122 Thread 0x0000021cbd7ce800 Exception <a 'java/lang/ClassNotFoundException'{0x000000008b47dd98}: org/gradle/api/AntBuilderBeanInfo> (0x000000008b47dd98) thrown at [./src/hotspot/share/classfile/systemDictionary.cpp, line 231]
Event: 13.122 Thread 0x0000021cbd7ce800 Exception <a 'java/lang/ClassNotFoundException'{0x000000008b49ffc0}: groovy/util/AntBuilderBeanInfo> (0x000000008b49ffc0) thrown at [./src/hotspot/share/classfile/systemDictionary.cpp, line 231]
Event: 13.123 Thread 0x0000021cbd7ce800 Exception <a 'java/lang/ClassNotFoundException'{0x000000008b4c3228}: groovy/util/BuilderSupportBeanInfo> (0x000000008b4c3228) thrown at [./src/hotspot/share/classfile/systemDictionary.cpp, line 231]
Event: 13.124 Thread 0x0000021cbd7ce800 Exception <a 'java/lang/ClassNotFoundException'{0x000000008b4e73b0}: groovy/util/BuilderSupportCustomizer> (0x000000008b4e73b0) thrown at [./src/hotspot/share/classfile/systemDictionary.cpp, line 231]
Event: 13.125 Thread 0x0000021cbd7ce800 Exception <a 'java/lang/ClassNotFoundException'{0x000000008b30c1c0}: groovy/util/AntBuilderCustomizer> (0x000000008b30c1c0) thrown at [./src/hotspot/share/classfile/systemDictionary.cpp, line 231]
Event: 13.126 Thread 0x0000021cbd7ce800 Exception <a 'java/lang/ClassNotFoundException'{0x000000008b334a48}: org/gradle/api/AntBuilderCustomizer> (0x000000008b334a48) thrown at [./src/hotspot/share/classfile/systemDictionary.cpp, line 231]
Event: 13.127 Thread 0x0000021cbd7ce800 Exception <a 'java/lang/ClassNotFoundException'{0x000000008b367458}: org/gradle/api/internal/project/ant/BasicAntBuilderCustomizer> (0x000000008b367458) thrown at [./src/hotspot/share/classfile/systemDictionary.cpp, line 231]
Event: 13.129 Thread 0x0000021cbd7ce800 Exception <a 'java/lang/ClassNotFoundException'{0x000000008b39ffc0}: org/gradle/api/internal/project/DefaultAntBuilderCustomizer> (0x000000008b39ffc0) thrown at [./src/hotspot/share/classfile/systemDictionary.cpp, line 231]

Events (20 events):
Event: 13.273 loading class org/jetbrains/kotlin/gradle/plugin/KotlinTargetConfiguratorKt
Event: 13.273 loading class org/jetbrains/kotlin/gradle/plugin/KotlinTargetConfiguratorKt done
Event: 13.274 loading class org/gradle/api/plugins/Convention
Event: 13.274 loading class org/gradle/api/plugins/Convention done
Event: 13.274 loading class org/gradle/api/file/ConfigurableFileCollection
Event: 13.274 loading class org/gradle/api/file/ConfigurableFileCollection done
Event: 13.274 loading class org/jetbrains/kotlin/gradle/plugin/mpp/SyncKotlinAndAndroidSourceSetsKt$syncKotlinAndAndroidSourceDirs$1
Event: 13.274 loading class org/jetbrains/kotlin/gradle/plugin/mpp/SyncKotlinAndAndroidSourceSetsKt$syncKotlinAndAndroidSourceDirs$1 done
Event: 13.275 loading class org/jetbrains/kotlin/gradle/plugin/KotlinMultiplatformPluginKt
Event: 13.275 loading class org/jetbrains/kotlin/gradle/plugin/KotlinMultiplatformPluginKt done
Event: 13.276 loading class org/jetbrains/kotlin/gradle/utils/AndroidPluginIdsKt
Event: 13.276 loading class org/jetbrains/kotlin/gradle/utils/AndroidPluginIdsKt done
Event: 13.277 loading class org/jetbrains/kotlin/gradle/plugin/KotlinMultiplatformPluginKt$whenEvaluated$1$1
Event: 13.277 loading class org/jetbrains/kotlin/gradle/plugin/KotlinMultiplatformPluginKt$whenEvaluated$1$1 done
Event: 13.277 loading class org/gradle/api/internal/plugins/DefaultPluginManager$2
Event: 13.277 loading class org/gradle/api/internal/plugins/DefaultPluginManager$2 done
Event: 13.278 loading class org/gradle/api/internal/plugins/PluginManagerInternal$PluginWithId
Event: 13.278 loading class org/gradle/api/internal/plugins/PluginManagerInternal$PluginWithId done
Event: 13.283 loading class org/gradle/api/internal/plugins/DefaultAppliedPlugin
Event: 13.283 loading class org/gradle/api/internal/plugins/DefaultAppliedPlugin done


Dynamic libraries:
0x00007ff70f8e0000 - 0x00007ff70f8ea000 	D:\APLIKASI\Android Studio\jre\bin\java.exe
0x00007ffa8a4b0000 - 0x00007ffa8a6a5000 	C:\Windows\SYSTEM32\ntdll.dll
0x00007ffa8a190000 - 0x00007ffa8a24d000 	C:\Windows\System32\KERNEL32.DLL
0x00007ffa87d50000 - 0x00007ffa88018000 	C:\Windows\System32\KERNELBASE.dll
0x00007ffa88300000 - 0x00007ffa88400000 	C:\Windows\System32\ucrtbase.dll
0x00007ffa7aec0000 - 0x00007ffa7aed9000 	D:\APLIKASI\Android Studio\jre\bin\jli.dll
0x00007ffa8a2c0000 - 0x00007ffa8a460000 	C:\Windows\System32\USER32.dll
0x00007ffa88020000 - 0x00007ffa88042000 	C:\Windows\System32\win32u.dll
0x00007ffa8a0a0000 - 0x00007ffa8a0ca000 	C:\Windows\System32\GDI32.dll
0x00007ffa88400000 - 0x00007ffa8850b000 	C:\Windows\System32\gdi32full.dll
0x00007ffa88260000 - 0x00007ffa882fd000 	C:\Windows\System32\msvcp_win.dll
0x00007ffa75cb0000 - 0x00007ffa75f4a000 	C:\Windows\WinSxS\amd64_microsoft.windows.common-controls_6595b64144ccf1df_6.0.19041.844_none_ca00b6081b84eb1d\COMCTL32.dll
0x00007ffa89ed0000 - 0x00007ffa89f6e000 	C:\Windows\System32\msvcrt.dll
0x00007ffa79110000 - 0x00007ffa79127000 	D:\APLIKASI\Android Studio\jre\bin\VCRUNTIME140.dll
0x00007ffa885d0000 - 0x00007ffa88600000 	C:\Windows\System32\IMM32.DLL
0x00007ffa739a0000 - 0x00007ffa73a3d000 	D:\APLIKASI\Android Studio\jre\bin\msvcp140.dll
0x00007ffa29870000 - 0x00007ffa2a32c000 	D:\APLIKASI\Android Studio\jre\bin\server\jvm.dll
0x00007ffa88940000 - 0x00007ffa889ec000 	C:\Windows\System32\ADVAPI32.dll
0x00007ffa88ac0000 - 0x00007ffa88b5b000 	C:\Windows\System32\sechost.dll
0x00007ffa89230000 - 0x00007ffa8935b000 	C:\Windows\System32\RPCRT4.dll
0x00007ffa88b60000 - 0x00007ffa88b68000 	C:\Windows\System32\PSAPI.DLL
0x00007ffa7d900000 - 0x00007ffa7d927000 	C:\Windows\SYSTEM32\WINMM.dll
0x00007ffa70b20000 - 0x00007ffa70b29000 	C:\Windows\SYSTEM32\WSOCK32.dll
0x00007ffa8a250000 - 0x00007ffa8a2bb000 	C:\Windows\System32\WS2_32.dll
0x00007ffa7fb00000 - 0x00007ffa7fb0a000 	C:\Windows\SYSTEM32\VERSION.dll
0x00007ffa85b40000 - 0x00007ffa85b52000 	C:\Windows\SYSTEM32\kernel.appcore.dll
0x00007ffa82ad0000 - 0x00007ffa82ae1000 	D:\APLIKASI\Android Studio\jre\bin\verify.dll
0x00007ffa7ed50000 - 0x00007ffa7ef34000 	C:\Windows\SYSTEM32\DBGHELP.DLL
0x00007ffa71960000 - 0x00007ffa7198c000 	C:\Windows\SYSTEM32\dbgcore.DLL
0x00007ffa88080000 - 0x00007ffa88100000 	C:\Windows\System32\bcryptPrimitives.dll
0x00007ffa814a0000 - 0x00007ffa814c9000 	D:\APLIKASI\Android Studio\jre\bin\java.dll
0x00007ffa82e10000 - 0x00007ffa82e1b000 	D:\APLIKASI\Android Studio\jre\bin\jimage.dll
0x00007ffa81480000 - 0x00007ffa81498000 	D:\APLIKASI\Android Studio\jre\bin\zip.dll
0x00007ffa893f0000 - 0x00007ffa89b32000 	C:\Windows\System32\SHELL32.dll
0x00007ffa85d40000 - 0x00007ffa864d0000 	C:\Windows\SYSTEM32\windows.storage.dll
0x00007ffa89b70000 - 0x00007ffa89ec5000 	C:\Windows\System32\combase.dll
0x00007ffa875f0000 - 0x00007ffa8761c000 	C:\Windows\SYSTEM32\Wldp.dll
0x00007ffa89f70000 - 0x00007ffa8a01e000 	C:\Windows\System32\SHCORE.dll
0x00007ffa88570000 - 0x00007ffa885c5000 	C:\Windows\System32\shlwapi.dll
0x00007ffa87b30000 - 0x00007ffa87b4f000 	C:\Windows\SYSTEM32\profapi.dll
0x00007ffa81460000 - 0x00007ffa8147a000 	D:\APLIKASI\Android Studio\jre\bin\net.dll
0x00007ffa7d9d0000 - 0x00007ffa7dadb000 	C:\Windows\SYSTEM32\WINHTTP.dll
0x00007ffa87300000 - 0x00007ffa8736a000 	C:\Windows\system32\mswsock.dll
0x00007ffa81440000 - 0x00007ffa81454000 	D:\APLIKASI\Android Studio\jre\bin\nio.dll
0x00007ffa81230000 - 0x00007ffa81256000 	C:\Users\ryuge\.gradle\native\fdc75f09e3144964f2cf3f50f0aa648679c211496f362492102eb8c894070792\windows-amd64\native-platform.dll
0x00007ffa69a30000 - 0x00007ffa69bc1000 	C:\Users\ryuge\.gradle\native\12488b8bf47d2d4c9fbf2f6322a914ad602e24e48041cd04a747c6da556b65c4\windows-amd64\native-platform-file-events.dll
0x00007ffa81090000 - 0x00007ffa8109a000 	D:\APLIKASI\Android Studio\jre\bin\management.dll
0x00007ffa81080000 - 0x00007ffa8108c000 	D:\APLIKASI\Android Studio\jre\bin\management_ext.dll
0x00007ffa874d0000 - 0x00007ffa874e8000 	C:\Windows\SYSTEM32\CRYPTSP.dll
0x00007ffa86ca0000 - 0x00007ffa86cd4000 	C:\Windows\system32\rsaenh.dll
0x00007ffa88050000 - 0x00007ffa88077000 	C:\Windows\System32\bcrypt.dll
0x00007ffa87ab0000 - 0x00007ffa87ade000 	C:\Windows\SYSTEM32\USERENV.dll
0x00007ffa874f0000 - 0x00007ffa874fc000 	C:\Windows\SYSTEM32\CRYPTBASE.dll
0x00007ffa86ff0000 - 0x00007ffa8702b000 	C:\Windows\SYSTEM32\IPHLPAPI.DLL
0x00007ffa8a460000 - 0x00007ffa8a468000 	C:\Windows\System32\NSI.dll
0x00007ffa80350000 - 0x00007ffa80367000 	C:\Windows\SYSTEM32\dhcpcsvc6.DLL
0x00007ffa80b10000 - 0x00007ffa80b2d000 	C:\Windows\SYSTEM32\dhcpcsvc.DLL
0x00007ffa87030000 - 0x00007ffa870fc000 	C:\Windows\SYSTEM32\DNSAPI.dll
0x00007ffa81ff0000 - 0x00007ffa81ffb000 	C:\Windows\SYSTEM32\WINNSI.DLL

dbghelp: loaded successfully - version: 4.0.5 - missing functions: none
symbol engine: initialized successfully - sym options: 0x614 - pdb path: .;D:\APLIKASI\Android Studio\jre\bin;C:\Windows\SYSTEM32;C:\Windows\WinSxS\amd64_microsoft.windows.common-controls_6595b64144ccf1df_6.0.19041.844_none_ca00b6081b84eb1d;D:\APLIKASI\Android Studio\jre\bin\server;C:\Users\ryuge\.gradle\native\fdc75f09e3144964f2cf3f50f0aa648679c211496f362492102eb8c894070792\windows-amd64;C:\Users\ryuge\.gradle\native\12488b8bf47d2d4c9fbf2f6322a914ad602e24e48041cd04a747c6da556b65c4\windows-amd64

VM Arguments:
jvm_args: --add-opens=java.base/java.util=ALL-UNNAMED --add-opens=java.base/java.lang=ALL-UNNAMED --add-opens=java.base/java.lang.invoke=ALL-UNNAMED --add-opens=java.prefs/java.util.prefs=ALL-UNNAMED -Xmx2048m -Dfile.encoding=UTF-8 -Duser.country=US -Duser.language=en -Duser.variant 
java_command: org.gradle.launcher.daemon.bootstrap.GradleDaemon 6.7.1
java_class_path (initial): C:\Users\ryuge\.gradle\wrapper\dists\gradle-6.7.1-bin\bwlcbys1h7rz3272sye1xwiv6\gradle-6.7.1\lib\gradle-launcher-6.7.1.jar
Launcher Type: SUN_STANDARD

[Global flags]
     intx CICompilerCount                          = 12                                        {product} {ergonomic}
     uint ConcGCThreads                            = 3                                         {product} {ergonomic}
     uint G1ConcRefinementThreads                  = 13                                        {product} {ergonomic}
   size_t G1HeapRegionSize                         = 1048576                                   {product} {ergonomic}
    uintx GCDrainStackTargetSize                   = 64                                        {product} {ergonomic}
   size_t InitialHeapSize                          = 260046848                                 {product} {ergonomic}
   size_t MarkStackSize                            = 4194304                                   {product} {ergonomic}
   size_t MaxHeapSize                              = 2147483648                                {product} {command line}
   size_t MaxNewSize                               = 1287651328                                {product} {ergonomic}
   size_t MinHeapDeltaBytes                        = 1048576                                   {product} {ergonomic}
    uintx NonNMethodCodeHeapSize                   = 7594288                                {pd product} {ergonomic}
    uintx NonProfiledCodeHeapSize                  = 122031976                              {pd product} {ergonomic}
    uintx ProfiledCodeHeapSize                     = 122031976                              {pd product} {ergonomic}
    uintx ReservedCodeCacheSize                    = 251658240                              {pd product} {ergonomic}
     bool SegmentedCodeCache                       = true                                      {product} {ergonomic}
     bool UseCompressedClassPointers               = true                                 {lp64_product} {ergonomic}
     bool UseCompressedOops                        = true                                 {lp64_product} {ergonomic}
     bool UseG1GC                                  = true                                      {product} {ergonomic}
     bool UseLargePagesIndividualAllocation        = false                                  {pd product} {ergonomic}

Logging:
Log output configuration:
 #0: stdout all=warning uptime,level,tags
 #1: stderr all=off uptime,level,tags

Environment Variables:
JAVA_HOME=C:\Program Files\Zulu\zulu-8
PATH=C:\Program Files\Zulu\zulu-8\bin\;C:\Program Files (x86)\Common Files\Oracle\Java\javapath;C:\ProgramData\Oracle\Java\javapath;C:\Windows\system32;C:\Windows;C:\Windows\System32\Wbem;C:\Windows\System32\WindowsPowerShell\v1.0\;C:\Windows\System32\OpenSSH\;C:\Program Files (x86)\NVIDIA Corporation\PhysX\Common;C:\Program Files\NVIDIA Corporation\NVIDIA NvDLISR;C:\Windows\system32;C:\Windows;C:\Windows\System32\Wbem;C:\Windows\System32\WindowsPowerShell\v1.0\;C:\Windows\System32\OpenSSH\;C:\Program Files\Git\cmd;D:\APLIKASI\gradle-6.6\bin;C:\Users\ryuge\AppData\Local\Microsoft\WindowsApps;D:\APLIKASI\Microsoft VS Code\bin;C:\Users\ryuge\AppData\Local\GitHubDesktop\bin;C:\Program Files\heroku\bin;C:\Users\ryuge\AppData\Roaming\TinyTeX\bin\win32
USERNAME=TUF GAMING
OS=Windows_NT
PROCESSOR_IDENTIFIER=AMD64 Family 23 Model 96 Stepping 1, AuthenticAMD



---------------  S Y S T E M  ---------------

OS: Windows 10 , 64 bit Build 19041 (10.0.19041.928)
OS uptime: 1 days 0:59 hours

CPU:total 16 (initial active 16) (16 cores per cpu, 2 threads per core) family 23 model 96 stepping 1, cmov, cx8, fxsr, mmx, sse, sse2, sse3, ssse3, sse4.1, sse4.2, popcnt, avx, avx2, aes, clmul, mmxext, 3dnowpref, lzcnt, sse4a, ht, tsc, tscinvbit, tscinv, bmi1, bmi2, adx, sha, fma

Memory: 4k page, system-wide physical 15791M (2966M free)
TotalPageFile size 28079M (AvailPageFile size 10806M)
current process WorkingSet (physical memory assigned to process): 529M, peak: 531M
current process commit charge ("private bytes"): 636M, peak: 639M

vm_info: OpenJDK 64-Bit Server VM (11.0.8+10-b944.6842174) for windows-amd64 JRE (11.0.8+10-b944.6842174), built on Sep 19 2020 01:11:42 by "builder" with MS VC++ 14.0 (VS2015)

END.
